<<<<<<< Updated upstream
<<<<<<< HEAD
<<<<<<< HEAD
[{"line":2,"elements":[{"line":3,"name":"","description":"","type":"background","keyword":"Background","steps":[{"result":{"error_message":"io.cucumber.core.exception.CucumberException: Failed to instantiate class stepdefinitions.UIStepDefinitions.US_028\r\n\tat io.cucumber.core.backend.DefaultObjectFactory.cacheNewInstance(DefaultObjectFactory.java:67)\r\n\tat io.cucumber.core.backend.DefaultObjectFactory.getInstance(DefaultObjectFactory.java:45)\r\n\tat io.cucumber.java.AbstractGlueDefinition.invokeMethod(AbstractGlueDefinition.java:47)\r\n\tat io.cucumber.java.JavaStepDefinition.execute(JavaStepDefinition.java:29)\r\n\tat io.cucumber.core.runner.CoreStepDefinition.execute(CoreStepDefinition.java:66)\r\n\tat io.cucumber.core.runner.PickleStepDefinitionMatch.runStep(PickleStepDefinitionMatch.java:63)\r\n\tat io.cucumber.core.runner.ExecutionMode$1.execute(ExecutionMode.java:10)\r\n\tat io.cucumber.core.runner.TestStep.executeStep(TestStep.java:84)\r\n\tat io.cucumber.core.runner.TestStep.run(TestStep.java:56)\r\n\tat io.cucumber.core.runner.PickleStepTestStep.run(PickleStepTestStep.java:51)\r\n\tat io.cucumber.core.runner.TestCase.run(TestCase.java:84)\r\n\tat io.cucumber.core.runner.Runner.runPickle(Runner.java:75)\r\n\tat io.cucumber.junit.PickleRunners$NoStepDescriptions.lambda$run$0(PickleRunners.java:151)\r\n\tat io.cucumber.core.runtime.CucumberExecutionContext.lambda$runTestCase$5(CucumberExecutionContext.java:130)\r\n\tat io.cucumber.core.runtime.RethrowingThrowableCollector.executeAndThrow(RethrowingThrowableCollector.java:23)\r\n\tat io.cucumber.core.runtime.CucumberExecutionContext.runTestCase(CucumberExecutionContext.java:130)\r\n\tat io.cucumber.junit.PickleRunners$NoStepDescriptions.run(PickleRunners.java:148)\r\n\tat io.cucumber.junit.FeatureRunner.runChild(FeatureRunner.java:144)\r\n\tat io.cucumber.junit.FeatureRunner.runChild(FeatureRunner.java:28)\r\n\tat org.junit.runners.ParentRunner$4.run(ParentRunner.java:331)\r\n\tat org.junit.runners.ParentRunner$1.schedule(ParentRunner.java:79)\r\n\tat org.junit.runners.ParentRunner.runChildren(ParentRunner.java:329)\r\n\tat org.junit.runners.ParentRunner.access$100(ParentRunner.java:66)\r\n\tat org.junit.runners.ParentRunner$2.evaluate(ParentRunner.java:293)\r\n\tat org.junit.runners.ParentRunner$3.evaluate(ParentRunner.java:306)\r\n\tat org.junit.runners.ParentRunner.run(ParentRunner.java:413)\r\n\tat io.cucumber.junit.FeatureRunner.run(FeatureRunner.java:137)\r\n\tat io.cucumber.junit.Cucumber.runChild(Cucumber.java:196)\r\n\tat io.cucumber.junit.Cucumber.runChild(Cucumber.java:89)\r\n\tat org.junit.runners.ParentRunner$4.run(ParentRunner.java:331)\r\n\tat org.junit.runners.ParentRunner$1.schedule(ParentRunner.java:79)\r\n\tat org.junit.runners.ParentRunner.runChildren(ParentRunner.java:329)\r\n\tat org.junit.runners.ParentRunner.access$100(ParentRunner.java:66)\r\n\tat org.junit.runners.ParentRunner$2.evaluate(ParentRunner.java:293)\r\n\tat io.cucumber.junit.Cucumber$RunBeforeAllHooks.evaluate(Cucumber.java:266)\r\n\tat io.cucumber.junit.Cucumber$RunAfterAllHooks.evaluate(Cucumber.java:281)\r\n\tat io.cucumber.junit.Cucumber$StartTestRun.evaluate(Cucumber.java:233)\r\n\tat io.cucumber.junit.Cucumber$FinishTestRun.evaluate(Cucumber.java:248)\r\n\tat org.junit.runners.ParentRunner$3.evaluate(ParentRunner.java:306)\r\n\tat org.junit.runners.ParentRunner.run(ParentRunner.java:413)\r\n\tat org.junit.runner.JUnitCore.run(JUnitCore.java:137)\r\n\tat com.intellij.junit4.JUnit4IdeaTestRunner.startRunnerWithArgs(JUnit4IdeaTestRunner.java:69)\r\n\tat com.intellij.rt.junit.IdeaTestRunner$Repeater$1.execute(IdeaTestRunner.java:38)\r\n\tat com.intellij.rt.execution.junit.TestsRepeater.repeat(TestsRepeater.java:11)\r\n\tat com.intellij.rt.junit.IdeaTestRunner$Repeater.startRunnerWithArgs(IdeaTestRunner.java:35)\r\n\tat com.intellij.rt.junit.JUnitStarter.prepareStreamsAndStart(JUnitStarter.java:235)\r\n\tat com.intellij.rt.junit.JUnitStarter.main(JUnitStarter.java:54)\r\nCaused by: java.lang.reflect.InvocationTargetException\r\n\tat java.base/jdk.internal.reflect.DirectConstructorHandleAccessor.newInstance(DirectConstructorHandleAccessor.java:79)\r\n\tat java.base/java.lang.reflect.Constructor.newInstanceWithCaller(Constructor.java:500)\r\n\tat java.base/java.lang.reflect.Constructor.newInstance(Constructor.java:484)\r\n\tat io.cucumber.core.backend.DefaultObjectFactory.cacheNewInstance(DefaultObjectFactory.java:53)\r\n\t... 46 more\r\nCaused by: org.openqa.selenium.remote.http.ConnectionFailedException: Unable to establish websocket connection to http://localhost:57567/devtools/browser/b6f512dc-ec5f-41c2-bfe5-c8fed84cdbe7\nBuild info: version: '4.7.2', revision: '4d4020c3b7'\nSystem info: os.name: 'Windows 10', os.arch: 'amd64', os.version: '10.0', java.version: '19.0.2'\nDriver info: driver.version: Driver\r\n\tat org.openqa.selenium.remote.http.netty.NettyWebSocket.<init>(NettyWebSocket.java:102)\r\n\tat org.openqa.selenium.remote.http.netty.NettyWebSocket.lambda$create$3(NettyWebSocket.java:128)\r\n\tat org.openqa.selenium.remote.http.netty.NettyClient.openSocket(NettyClient.java:107)\r\n\tat org.openqa.selenium.devtools.Connection.<init>(Connection.java:78)\r\n\tat org.openqa.selenium.chromium.ChromiumDriver.lambda$new$2(ChromiumDriver.java:116)\r\n\tat java.base/java.util.Optional.map(Optional.java:260)\r\n\tat org.openqa.selenium.chromium.ChromiumDriver.<init>(ChromiumDriver.java:114)\r\n\tat org.openqa.selenium.chrome.ChromeDriver.<init>(ChromeDriver.java:82)\r\n\tat org.openqa.selenium.chrome.ChromeDriver.<init>(ChromeDriver.java:50)\r\n\tat utilities.Driver.getDriver(Driver.java:32)\r\n\tat pages.HomePage.<init>(HomePage.java:10)\r\n\tat stepdefinitions.UIStepDefinitions.US_028.<init>(US_028.java:17)\r\n\tat java.base/jdk.internal.reflect.DirectConstructorHandleAccessor.newInstance(DirectConstructorHandleAccessor.java:67)\r\n\t... 49 more\r\n","duration":8655021700,"status":"failed"},"line":4,"name":"go to home page","match":{"location":"stepdefinitions.UIStepDefinitions.US_028.goToHomePage()"},"keyword":"Given "},{"result":{"status":"skipped"},"line":5,"name":"Verify that admin is in home page","match":{"location":"stepdefinitions.UIStepDefinitions.US_028.verifyThatAdminIsInHomePage()"},"keyword":"And "},{"result":{"status":"skipped"},"line":6,"name":"sign in as admin","match":{"location":"stepdefinitions.UIStepDefinitions.US_028.sign_in_as_admin()"},"keyword":"And "},{"result":{"duration":1000100,"status":"skipped"},"line":7,"name":"Verify that admin is logged in","match":{"location":"stepdefinitions.UIStepDefinitions.US_028.verify_that_admin_is_logged_in()"},"keyword":"And "},{"result":{"status":"skipped"},"line":8,"name":"Click on Items&Titles button","match":{"location":"stepdefinitions.UIStepDefinitions.US_028.click_on_items_titles_button()"},"keyword":"When "},{"result":{"status":"skipped"},"line":9,"name":"Click on Messages option","match":{"location":"stepdefinitions.UIStepDefinitions.US_028.clickOnMessagesOption()"},"keyword":"And "}]},{"start_timestamp":"2023-03-10T08:08:14.450Z","before":[{"result":{"duration":3999400,"status":"passed"},"match":{"location":"hooks.Hooks.setUpScenario()"}},{"result":{"duration":1041401500,"status":"passed"},"match":{"location":"hooks.Hooks.beforeApi()"}}],"line":11,"name":"TC01-Admin sees all messages their author and email","description":"","id":"messages;tc01-admin-sees-all-messages-their-author-and-email","after":[{"result":{"error_message":"org.openqa.selenium.remote.http.ConnectionFailedException: Unable to establish websocket connection to http://localhost:57582/devtools/browser/ee43b637-4480-4784-bc87-e8a2a429fe86\nBuild info: version: '4.7.2', revision: '4d4020c3b7'\nSystem info: os.name: 'Windows 10', os.arch: 'amd64', os.version: '10.0', java.version: '19.0.2'\nDriver info: driver.version: Driver\r\n\tat org.openqa.selenium.remote.http.netty.NettyWebSocket.<init>(NettyWebSocket.java:102)\r\n\tat org.openqa.selenium.remote.http.netty.NettyWebSocket.lambda$create$3(NettyWebSocket.java:128)\r\n\tat org.openqa.selenium.remote.http.netty.NettyClient.openSocket(NettyClient.java:107)\r\n\tat org.openqa.selenium.devtools.Connection.<init>(Connection.java:78)\r\n\tat org.openqa.selenium.chromium.ChromiumDriver.lambda$new$2(ChromiumDriver.java:116)\r\n\tat java.base/java.util.Optional.map(Optional.java:260)\r\n\tat org.openqa.selenium.chromium.ChromiumDriver.<init>(ChromiumDriver.java:114)\r\n\tat org.openqa.selenium.chrome.ChromeDriver.<init>(ChromeDriver.java:82)\r\n\tat org.openqa.selenium.chrome.ChromeDriver.<init>(ChromeDriver.java:50)\r\n\tat utilities.Driver.getDriver(Driver.java:32)\r\n\tat hooks.Hooks.tearDownScenario(Hooks.java:20)\r\n","duration":3876769900,"status":"failed"},"match":{"location":"hooks.Hooks.tearDownScenario(io.cucumber.java.Scenario)"}}],"type":"scenario","keyword":"Scenario","steps":[{"result":{"duration":999300,"status":"skipped"},"line":12,"name":"The messages ,their authors and emails should be displayed","match":{"location":"stepdefinitions.UIStepDefinitions.US_028.the_messages_their_authors_and_emails_should_be_displayed()"},"keyword":"Then "}],"tags":[{"name":"@admin_messages"}]},{"line":3,"name":"","description":"","type":"background","keyword":"Background","steps":[{"result":{"error_message":"io.cucumber.core.exception.CucumberException: Failed to instantiate class stepdefinitions.UIStepDefinitions.US_028\r\n\tat io.cucumber.core.backend.DefaultObjectFactory.cacheNewInstance(DefaultObjectFactory.java:67)\r\n\tat io.cucumber.core.backend.DefaultObjectFactory.getInstance(DefaultObjectFactory.java:45)\r\n\tat io.cucumber.java.AbstractGlueDefinition.invokeMethod(AbstractGlueDefinition.java:47)\r\n\tat io.cucumber.java.JavaStepDefinition.execute(JavaStepDefinition.java:29)\r\n\tat io.cucumber.core.runner.CoreStepDefinition.execute(CoreStepDefinition.java:66)\r\n\tat io.cucumber.core.runner.PickleStepDefinitionMatch.runStep(PickleStepDefinitionMatch.java:63)\r\n\tat io.cucumber.core.runner.ExecutionMode$1.execute(ExecutionMode.java:10)\r\n\tat io.cucumber.core.runner.TestStep.executeStep(TestStep.java:84)\r\n\tat io.cucumber.core.runner.TestStep.run(TestStep.java:56)\r\n\tat io.cucumber.core.runner.PickleStepTestStep.run(PickleStepTestStep.java:51)\r\n\tat io.cucumber.core.runner.TestCase.run(TestCase.java:84)\r\n\tat io.cucumber.core.runner.Runner.runPickle(Runner.java:75)\r\n\tat io.cucumber.junit.PickleRunners$NoStepDescriptions.lambda$run$0(PickleRunners.java:151)\r\n\tat io.cucumber.core.runtime.CucumberExecutionContext.lambda$runTestCase$5(CucumberExecutionContext.java:130)\r\n\tat io.cucumber.core.runtime.RethrowingThrowableCollector.executeAndThrow(RethrowingThrowableCollector.java:23)\r\n\tat io.cucumber.core.runtime.CucumberExecutionContext.runTestCase(CucumberExecutionContext.java:130)\r\n\tat io.cucumber.junit.PickleRunners$NoStepDescriptions.run(PickleRunners.java:148)\r\n\tat io.cucumber.junit.FeatureRunner.runChild(FeatureRunner.java:144)\r\n\tat io.cucumber.junit.FeatureRunner.runChild(FeatureRunner.java:28)\r\n\tat org.junit.runners.ParentRunner$4.run(ParentRunner.java:331)\r\n\tat org.junit.runners.ParentRunner$1.schedule(ParentRunner.java:79)\r\n\tat org.junit.runners.ParentRunner.runChildren(ParentRunner.java:329)\r\n\tat org.junit.runners.ParentRunner.access$100(ParentRunner.java:66)\r\n\tat org.junit.runners.ParentRunner$2.evaluate(ParentRunner.java:293)\r\n\tat org.junit.runners.ParentRunner$3.evaluate(ParentRunner.java:306)\r\n\tat org.junit.runners.ParentRunner.run(ParentRunner.java:413)\r\n\tat io.cucumber.junit.FeatureRunner.run(FeatureRunner.java:137)\r\n\tat io.cucumber.junit.Cucumber.runChild(Cucumber.java:196)\r\n\tat io.cucumber.junit.Cucumber.runChild(Cucumber.java:89)\r\n\tat org.junit.runners.ParentRunner$4.run(ParentRunner.java:331)\r\n\tat org.junit.runners.ParentRunner$1.schedule(ParentRunner.java:79)\r\n\tat org.junit.runners.ParentRunner.runChildren(ParentRunner.java:329)\r\n\tat org.junit.runners.ParentRunner.access$100(ParentRunner.java:66)\r\n\tat org.junit.runners.ParentRunner$2.evaluate(ParentRunner.java:293)\r\n\tat io.cucumber.junit.Cucumber$RunBeforeAllHooks.evaluate(Cucumber.java:266)\r\n\tat io.cucumber.junit.Cucumber$RunAfterAllHooks.evaluate(Cucumber.java:281)\r\n\tat io.cucumber.junit.Cucumber$StartTestRun.evaluate(Cucumber.java:233)\r\n\tat io.cucumber.junit.Cucumber$FinishTestRun.evaluate(Cucumber.java:248)\r\n\tat org.junit.runners.ParentRunner$3.evaluate(ParentRunner.java:306)\r\n\tat org.junit.runners.ParentRunner.run(ParentRunner.java:413)\r\n\tat org.junit.runner.JUnitCore.run(JUnitCore.java:137)\r\n\tat com.intellij.junit4.JUnit4IdeaTestRunner.startRunnerWithArgs(JUnit4IdeaTestRunner.java:69)\r\n\tat com.intellij.rt.junit.IdeaTestRunner$Repeater$1.execute(IdeaTestRunner.java:38)\r\n\tat com.intellij.rt.execution.junit.TestsRepeater.repeat(TestsRepeater.java:11)\r\n\tat com.intellij.rt.junit.IdeaTestRunner$Repeater.startRunnerWithArgs(IdeaTestRunner.java:35)\r\n\tat com.intellij.rt.junit.JUnitStarter.prepareStreamsAndStart(JUnitStarter.java:235)\r\n\tat com.intellij.rt.junit.JUnitStarter.main(JUnitStarter.java:54)\r\nCaused by: java.lang.reflect.InvocationTargetException\r\n\tat java.base/jdk.internal.reflect.DirectConstructorHandleAccessor.newInstance(DirectConstructorHandleAccessor.java:79)\r\n\tat java.base/java.lang.reflect.Constructor.newInstanceWithCaller(Constructor.java:500)\r\n\tat java.base/java.lang.reflect.Constructor.newInstance(Constructor.java:484)\r\n\tat io.cucumber.core.backend.DefaultObjectFactory.cacheNewInstance(DefaultObjectFactory.java:53)\r\n\t... 46 more\r\nCaused by: org.openqa.selenium.remote.http.ConnectionFailedException: Unable to establish websocket connection to http://localhost:57597/devtools/browser/90d76ad5-0d12-465f-a209-4b577f4326ae\nBuild info: version: '4.7.2', revision: '4d4020c3b7'\nSystem info: os.name: 'Windows 10', os.arch: 'amd64', os.version: '10.0', java.version: '19.0.2'\nDriver info: driver.version: Driver\r\n\tat org.openqa.selenium.remote.http.netty.NettyWebSocket.<init>(NettyWebSocket.java:102)\r\n\tat org.openqa.selenium.remote.http.netty.NettyWebSocket.lambda$create$3(NettyWebSocket.java:128)\r\n\tat org.openqa.selenium.remote.http.netty.NettyClient.openSocket(NettyClient.java:107)\r\n\tat org.openqa.selenium.devtools.Connection.<init>(Connection.java:78)\r\n\tat org.openqa.selenium.chromium.ChromiumDriver.lambda$new$2(ChromiumDriver.java:116)\r\n\tat java.base/java.util.Optional.map(Optional.java:260)\r\n\tat org.openqa.selenium.chromium.ChromiumDriver.<init>(ChromiumDriver.java:114)\r\n\tat org.openqa.selenium.chrome.ChromeDriver.<init>(ChromeDriver.java:82)\r\n\tat org.openqa.selenium.chrome.ChromeDriver.<init>(ChromeDriver.java:50)\r\n\tat utilities.Driver.getDriver(Driver.java:32)\r\n\tat pages.HomePage.<init>(HomePage.java:10)\r\n\tat stepdefinitions.UIStepDefinitions.US_028.<init>(US_028.java:17)\r\n\tat java.base/jdk.internal.reflect.DirectConstructorHandleAccessor.newInstance(DirectConstructorHandleAccessor.java:67)\r\n\t... 49 more\r\n","duration":3780823800,"status":"failed"},"line":4,"name":"go to home page","match":{"location":"stepdefinitions.UIStepDefinitions.US_028.goToHomePage()"},"keyword":"Given "},{"result":{"duration":1000600,"status":"skipped"},"line":5,"name":"Verify that admin is in home page","match":{"location":"stepdefinitions.UIStepDefinitions.US_028.verifyThatAdminIsInHomePage()"},"keyword":"And "},{"result":{"status":"skipped"},"line":6,"name":"sign in as admin","match":{"location":"stepdefinitions.UIStepDefinitions.US_028.sign_in_as_admin()"},"keyword":"And "},{"result":{"status":"skipped"},"line":7,"name":"Verify that admin is logged in","match":{"location":"stepdefinitions.UIStepDefinitions.US_028.verify_that_admin_is_logged_in()"},"keyword":"And "},{"result":{"status":"skipped"},"line":8,"name":"Click on Items&Titles button","match":{"location":"stepdefinitions.UIStepDefinitions.US_028.click_on_items_titles_button()"},"keyword":"When "},{"result":{"status":"skipped"},"line":9,"name":"Click on Messages option","match":{"location":"stepdefinitions.UIStepDefinitions.US_028.clickOnMessagesOption()"},"keyword":"And "}]},{"start_timestamp":"2023-03-10T08:08:28.184Z","before":[{"result":{"duration":998800,"status":"passed"},"match":{"location":"hooks.Hooks.setUpScenario()"}},{"result":{"duration":2000400,"status":"passed"},"match":{"location":"hooks.Hooks.beforeApi()"}}],"line":14,"name":"TC02-Admin should create  new message","description":"","id":"messages;tc02-admin-should-create--new-message","after":[{"result":{"error_message":"org.openqa.selenium.remote.http.ConnectionFailedException: Unable to establish websocket connection to http://localhost:57611/devtools/browser/62836d5f-45eb-468a-a9b7-ec06380a7dc2\nBuild info: version: '4.7.2', revision: '4d4020c3b7'\nSystem info: os.name: 'Windows 10', os.arch: 'amd64', os.version: '10.0', java.version: '19.0.2'\nDriver info: driver.version: Driver\r\n\tat org.openqa.selenium.remote.http.netty.NettyWebSocket.<init>(NettyWebSocket.java:102)\r\n\tat org.openqa.selenium.remote.http.netty.NettyWebSocket.lambda$create$3(NettyWebSocket.java:128)\r\n\tat org.openqa.selenium.remote.http.netty.NettyClient.openSocket(NettyClient.java:107)\r\n\tat org.openqa.selenium.devtools.Connection.<init>(Connection.java:78)\r\n\tat org.openqa.selenium.chromium.ChromiumDriver.lambda$new$2(ChromiumDriver.java:116)\r\n\tat java.base/java.util.Optional.map(Optional.java:260)\r\n\tat org.openqa.selenium.chromium.ChromiumDriver.<init>(ChromiumDriver.java:114)\r\n\tat org.openqa.selenium.chrome.ChromeDriver.<init>(ChromeDriver.java:82)\r\n\tat org.openqa.selenium.chrome.ChromeDriver.<init>(ChromeDriver.java:50)\r\n\tat utilities.Driver.getDriver(Driver.java:32)\r\n\tat hooks.Hooks.tearDownScenario(Hooks.java:20)\r\n","duration":3818803400,"status":"failed"},"match":{"location":"hooks.Hooks.tearDownScenario(io.cucumber.java.Scenario)"}}],"type":"scenario","keyword":"Scenario","steps":[{"result":{"status":"skipped"},"line":15,"name":"Click  on Create a new Message button","match":{"location":"stepdefinitions.UIStepDefinitions.US_028.clickOnCreateANewMessageButton()"},"keyword":"And "},{"result":{"status":"skipped"},"line":16,"name":"Fill in the blanks with required information","match":{"location":"stepdefinitions.UIStepDefinitions.US_028.fillInTheBlanksWithRequiredInformation()"},"keyword":"And "},{"result":{"status":"skipped"},"line":17,"name":"Click on Save button","match":{"location":"stepdefinitions.UIStepDefinitions.US_028.clickOnSaveButton()"},"keyword":"And "},{"result":{"status":"skipped"},"line":18,"name":"Verify that success message","match":{"location":"stepdefinitions.UIStepDefinitions.US_028.verifyThatSuccessMessage()"},"keyword":"Then "}],"tags":[{"name":"@admin_messages"}]},{"line":3,"name":"","description":"","type":"background","keyword":"Background","steps":[{"result":{"error_message":"io.cucumber.core.exception.CucumberException: Failed to instantiate class stepdefinitions.UIStepDefinitions.US_028\r\n\tat io.cucumber.core.backend.DefaultObjectFactory.cacheNewInstance(DefaultObjectFactory.java:67)\r\n\tat io.cucumber.core.backend.DefaultObjectFactory.getInstance(DefaultObjectFactory.java:45)\r\n\tat io.cucumber.java.AbstractGlueDefinition.invokeMethod(AbstractGlueDefinition.java:47)\r\n\tat io.cucumber.java.JavaStepDefinition.execute(JavaStepDefinition.java:29)\r\n\tat io.cucumber.core.runner.CoreStepDefinition.execute(CoreStepDefinition.java:66)\r\n\tat io.cucumber.core.runner.PickleStepDefinitionMatch.runStep(PickleStepDefinitionMatch.java:63)\r\n\tat io.cucumber.core.runner.ExecutionMode$1.execute(ExecutionMode.java:10)\r\n\tat io.cucumber.core.runner.TestStep.executeStep(TestStep.java:84)\r\n\tat io.cucumber.core.runner.TestStep.run(TestStep.java:56)\r\n\tat io.cucumber.core.runner.PickleStepTestStep.run(PickleStepTestStep.java:51)\r\n\tat io.cucumber.core.runner.TestCase.run(TestCase.java:84)\r\n\tat io.cucumber.core.runner.Runner.runPickle(Runner.java:75)\r\n\tat io.cucumber.junit.PickleRunners$NoStepDescriptions.lambda$run$0(PickleRunners.java:151)\r\n\tat io.cucumber.core.runtime.CucumberExecutionContext.lambda$runTestCase$5(CucumberExecutionContext.java:130)\r\n\tat io.cucumber.core.runtime.RethrowingThrowableCollector.executeAndThrow(RethrowingThrowableCollector.java:23)\r\n\tat io.cucumber.core.runtime.CucumberExecutionContext.runTestCase(CucumberExecutionContext.java:130)\r\n\tat io.cucumber.junit.PickleRunners$NoStepDescriptions.run(PickleRunners.java:148)\r\n\tat io.cucumber.junit.FeatureRunner.runChild(FeatureRunner.java:144)\r\n\tat io.cucumber.junit.FeatureRunner.runChild(FeatureRunner.java:28)\r\n\tat org.junit.runners.ParentRunner$4.run(ParentRunner.java:331)\r\n\tat org.junit.runners.ParentRunner$1.schedule(ParentRunner.java:79)\r\n\tat org.junit.runners.ParentRunner.runChildren(ParentRunner.java:329)\r\n\tat org.junit.runners.ParentRunner.access$100(ParentRunner.java:66)\r\n\tat org.junit.runners.ParentRunner$2.evaluate(ParentRunner.java:293)\r\n\tat org.junit.runners.ParentRunner$3.evaluate(ParentRunner.java:306)\r\n\tat org.junit.runners.ParentRunner.run(ParentRunner.java:413)\r\n\tat io.cucumber.junit.FeatureRunner.run(FeatureRunner.java:137)\r\n\tat io.cucumber.junit.Cucumber.runChild(Cucumber.java:196)\r\n\tat io.cucumber.junit.Cucumber.runChild(Cucumber.java:89)\r\n\tat org.junit.runners.ParentRunner$4.run(ParentRunner.java:331)\r\n\tat org.junit.runners.ParentRunner$1.schedule(ParentRunner.java:79)\r\n\tat org.junit.runners.ParentRunner.runChildren(ParentRunner.java:329)\r\n\tat org.junit.runners.ParentRunner.access$100(ParentRunner.java:66)\r\n\tat org.junit.runners.ParentRunner$2.evaluate(ParentRunner.java:293)\r\n\tat io.cucumber.junit.Cucumber$RunBeforeAllHooks.evaluate(Cucumber.java:266)\r\n\tat io.cucumber.junit.Cucumber$RunAfterAllHooks.evaluate(Cucumber.java:281)\r\n\tat io.cucumber.junit.Cucumber$StartTestRun.evaluate(Cucumber.java:233)\r\n\tat io.cucumber.junit.Cucumber$FinishTestRun.evaluate(Cucumber.java:248)\r\n\tat org.junit.runners.ParentRunner$3.evaluate(ParentRunner.java:306)\r\n\tat org.junit.runners.ParentRunner.run(ParentRunner.java:413)\r\n\tat org.junit.runner.JUnitCore.run(JUnitCore.java:137)\r\n\tat com.intellij.junit4.JUnit4IdeaTestRunner.startRunnerWithArgs(JUnit4IdeaTestRunner.java:69)\r\n\tat com.intellij.rt.junit.IdeaTestRunner$Repeater$1.execute(IdeaTestRunner.java:38)\r\n\tat com.intellij.rt.execution.junit.TestsRepeater.repeat(TestsRepeater.java:11)\r\n\tat com.intellij.rt.junit.IdeaTestRunner$Repeater.startRunnerWithArgs(IdeaTestRunner.java:35)\r\n\tat com.intellij.rt.junit.JUnitStarter.prepareStreamsAndStart(JUnitStarter.java:235)\r\n\tat com.intellij.rt.junit.JUnitStarter.main(JUnitStarter.java:54)\r\nCaused by: java.lang.reflect.InvocationTargetException\r\n\tat java.base/jdk.internal.reflect.DirectConstructorHandleAccessor.newInstance(DirectConstructorHandleAccessor.java:79)\r\n\tat java.base/java.lang.reflect.Constructor.newInstanceWithCaller(Constructor.java:500)\r\n\tat java.base/java.lang.reflect.Constructor.newInstance(Constructor.java:484)\r\n\tat io.cucumber.core.backend.DefaultObjectFactory.cacheNewInstance(DefaultObjectFactory.java:53)\r\n\t... 46 more\r\nCaused by: org.openqa.selenium.remote.http.ConnectionFailedException: Unable to establish websocket connection to http://localhost:57627/devtools/browser/5f5c39ca-ffb2-4c34-9327-a831a7b32fd1\nBuild info: version: '4.7.2', revision: '4d4020c3b7'\nSystem info: os.name: 'Windows 10', os.arch: 'amd64', os.version: '10.0', java.version: '19.0.2'\nDriver info: driver.version: Driver\r\n\tat org.openqa.selenium.remote.http.netty.NettyWebSocket.<init>(NettyWebSocket.java:102)\r\n\tat org.openqa.selenium.remote.http.netty.NettyWebSocket.lambda$create$3(NettyWebSocket.java:128)\r\n\tat org.openqa.selenium.remote.http.netty.NettyClient.openSocket(NettyClient.java:107)\r\n\tat org.openqa.selenium.devtools.Connection.<init>(Connection.java:78)\r\n\tat org.openqa.selenium.chromium.ChromiumDriver.lambda$new$2(ChromiumDriver.java:116)\r\n\tat java.base/java.util.Optional.map(Optional.java:260)\r\n\tat org.openqa.selenium.chromium.ChromiumDriver.<init>(ChromiumDriver.java:114)\r\n\tat org.openqa.selenium.chrome.ChromeDriver.<init>(ChromeDriver.java:82)\r\n\tat org.openqa.selenium.chrome.ChromeDriver.<init>(ChromeDriver.java:50)\r\n\tat utilities.Driver.getDriver(Driver.java:32)\r\n\tat pages.HomePage.<init>(HomePage.java:10)\r\n\tat stepdefinitions.UIStepDefinitions.US_028.<init>(US_028.java:17)\r\n\tat java.base/jdk.internal.reflect.DirectConstructorHandleAccessor.newInstance(DirectConstructorHandleAccessor.java:67)\r\n\t... 49 more\r\n","duration":2764411000,"status":"failed"},"line":4,"name":"go to home page","match":{"location":"stepdefinitions.UIStepDefinitions.US_028.goToHomePage()"},"keyword":"Given "},{"result":{"status":"skipped"},"line":5,"name":"Verify that admin is in home page","match":{"location":"stepdefinitions.UIStepDefinitions.US_028.verifyThatAdminIsInHomePage()"},"keyword":"And "},{"result":{"status":"skipped"},"line":6,"name":"sign in as admin","match":{"location":"stepdefinitions.UIStepDefinitions.US_028.sign_in_as_admin()"},"keyword":"And "},{"result":{"duration":1998800,"status":"skipped"},"line":7,"name":"Verify that admin is logged in","match":{"location":"stepdefinitions.UIStepDefinitions.US_028.verify_that_admin_is_logged_in()"},"keyword":"And "},{"result":{"status":"skipped"},"line":8,"name":"Click on Items&Titles button","match":{"location":"stepdefinitions.UIStepDefinitions.US_028.click_on_items_titles_button()"},"keyword":"When "},{"result":{"status":"skipped"},"line":9,"name":"Click on Messages option","match":{"location":"stepdefinitions.UIStepDefinitions.US_028.clickOnMessagesOption()"},"keyword":"And "}]},{"start_timestamp":"2023-03-10T08:08:35.885Z","before":[{"result":{"status":"passed"},"match":{"location":"hooks.Hooks.setUpScenario()"}},{"result":{"duration":998900,"status":"passed"},"match":{"location":"hooks.Hooks.beforeApi()"}}],"line":20,"name":"TC03-Admin should update the message","description":"","id":"messages;tc03-admin-should-update-the-message","after":[{"result":{"error_message":"org.openqa.selenium.remote.http.ConnectionFailedException: Unable to establish websocket connection to http://localhost:57644/devtools/browser/17612565-a8cd-4060-828b-3e5a052347c6\nBuild info: version: '4.7.2', revision: '4d4020c3b7'\nSystem info: os.name: 'Windows 10', os.arch: 'amd64', os.version: '10.0', java.version: '19.0.2'\nDriver info: driver.version: Driver\r\n\tat org.openqa.selenium.remote.http.netty.NettyWebSocket.<init>(NettyWebSocket.java:102)\r\n\tat org.openqa.selenium.remote.http.netty.NettyWebSocket.lambda$create$3(NettyWebSocket.java:128)\r\n\tat org.openqa.selenium.remote.http.netty.NettyClient.openSocket(NettyClient.java:107)\r\n\tat org.openqa.selenium.devtools.Connection.<init>(Connection.java:78)\r\n\tat org.openqa.selenium.chromium.ChromiumDriver.lambda$new$2(ChromiumDriver.java:116)\r\n\tat java.base/java.util.Optional.map(Optional.java:260)\r\n\tat org.openqa.selenium.chromium.ChromiumDriver.<init>(ChromiumDriver.java:114)\r\n\tat org.openqa.selenium.chrome.ChromeDriver.<init>(ChromeDriver.java:82)\r\n\tat org.openqa.selenium.chrome.ChromeDriver.<init>(ChromeDriver.java:50)\r\n\tat utilities.Driver.getDriver(Driver.java:32)\r\n\tat hooks.Hooks.tearDownScenario(Hooks.java:20)\r\n","duration":3469005300,"status":"failed"},"match":{"location":"hooks.Hooks.tearDownScenario(io.cucumber.java.Scenario)"}}],"type":"scenario","keyword":"Scenario","steps":[{"result":{"duration":998700,"status":"skipped"},"line":21,"name":"Click  on Edit button of  created message","match":{"location":"stepdefinitions.UIStepDefinitions.US_028.clickOnEditButtonOfCreatedMessage()"},"keyword":"And "},{"result":{"status":"skipped"},"line":22,"name":"Change  the message","match":{"location":"stepdefinitions.UIStepDefinitions.US_028.changeTheMessage()"},"keyword":"And "},{"result":{"duration":999700,"status":"skipped"},"line":23,"name":"Click on Save button","match":{"location":"stepdefinitions.UIStepDefinitions.US_028.clickOnSaveButton()"},"keyword":"And "},{"result":{"duration":999300,"status":"skipped"},"line":24,"name":"Verify that updated success message","match":{"location":"stepdefinitions.UIStepDefinitions.US_028.verifyThatUpdatedSuccessMessage()"},"keyword":"Then "}],"tags":[{"name":"@admin_messages"}]},{"line":3,"name":"","description":"","type":"background","keyword":"Background","steps":[{"result":{"error_message":"io.cucumber.core.exception.CucumberException: Failed to instantiate class stepdefinitions.UIStepDefinitions.US_028\r\n\tat io.cucumber.core.backend.DefaultObjectFactory.cacheNewInstance(DefaultObjectFactory.java:67)\r\n\tat io.cucumber.core.backend.DefaultObjectFactory.getInstance(DefaultObjectFactory.java:45)\r\n\tat io.cucumber.java.AbstractGlueDefinition.invokeMethod(AbstractGlueDefinition.java:47)\r\n\tat io.cucumber.java.JavaStepDefinition.execute(JavaStepDefinition.java:29)\r\n\tat io.cucumber.core.runner.CoreStepDefinition.execute(CoreStepDefinition.java:66)\r\n\tat io.cucumber.core.runner.PickleStepDefinitionMatch.runStep(PickleStepDefinitionMatch.java:63)\r\n\tat io.cucumber.core.runner.ExecutionMode$1.execute(ExecutionMode.java:10)\r\n\tat io.cucumber.core.runner.TestStep.executeStep(TestStep.java:84)\r\n\tat io.cucumber.core.runner.TestStep.run(TestStep.java:56)\r\n\tat io.cucumber.core.runner.PickleStepTestStep.run(PickleStepTestStep.java:51)\r\n\tat io.cucumber.core.runner.TestCase.run(TestCase.java:84)\r\n\tat io.cucumber.core.runner.Runner.runPickle(Runner.java:75)\r\n\tat io.cucumber.junit.PickleRunners$NoStepDescriptions.lambda$run$0(PickleRunners.java:151)\r\n\tat io.cucumber.core.runtime.CucumberExecutionContext.lambda$runTestCase$5(CucumberExecutionContext.java:130)\r\n\tat io.cucumber.core.runtime.RethrowingThrowableCollector.executeAndThrow(RethrowingThrowableCollector.java:23)\r\n\tat io.cucumber.core.runtime.CucumberExecutionContext.runTestCase(CucumberExecutionContext.java:130)\r\n\tat io.cucumber.junit.PickleRunners$NoStepDescriptions.run(PickleRunners.java:148)\r\n\tat io.cucumber.junit.FeatureRunner.runChild(FeatureRunner.java:144)\r\n\tat io.cucumber.junit.FeatureRunner.runChild(FeatureRunner.java:28)\r\n\tat org.junit.runners.ParentRunner$4.run(ParentRunner.java:331)\r\n\tat org.junit.runners.ParentRunner$1.schedule(ParentRunner.java:79)\r\n\tat org.junit.runners.ParentRunner.runChildren(ParentRunner.java:329)\r\n\tat org.junit.runners.ParentRunner.access$100(ParentRunner.java:66)\r\n\tat org.junit.runners.ParentRunner$2.evaluate(ParentRunner.java:293)\r\n\tat org.junit.runners.ParentRunner$3.evaluate(ParentRunner.java:306)\r\n\tat org.junit.runners.ParentRunner.run(ParentRunner.java:413)\r\n\tat io.cucumber.junit.FeatureRunner.run(FeatureRunner.java:137)\r\n\tat io.cucumber.junit.Cucumber.runChild(Cucumber.java:196)\r\n\tat io.cucumber.junit.Cucumber.runChild(Cucumber.java:89)\r\n\tat org.junit.runners.ParentRunner$4.run(ParentRunner.java:331)\r\n\tat org.junit.runners.ParentRunner$1.schedule(ParentRunner.java:79)\r\n\tat org.junit.runners.ParentRunner.runChildren(ParentRunner.java:329)\r\n\tat org.junit.runners.ParentRunner.access$100(ParentRunner.java:66)\r\n\tat org.junit.runners.ParentRunner$2.evaluate(ParentRunner.java:293)\r\n\tat io.cucumber.junit.Cucumber$RunBeforeAllHooks.evaluate(Cucumber.java:266)\r\n\tat io.cucumber.junit.Cucumber$RunAfterAllHooks.evaluate(Cucumber.java:281)\r\n\tat io.cucumber.junit.Cucumber$StartTestRun.evaluate(Cucumber.java:233)\r\n\tat io.cucumber.junit.Cucumber$FinishTestRun.evaluate(Cucumber.java:248)\r\n\tat org.junit.runners.ParentRunner$3.evaluate(ParentRunner.java:306)\r\n\tat org.junit.runners.ParentRunner.run(ParentRunner.java:413)\r\n\tat org.junit.runner.JUnitCore.run(JUnitCore.java:137)\r\n\tat com.intellij.junit4.JUnit4IdeaTestRunner.startRunnerWithArgs(JUnit4IdeaTestRunner.java:69)\r\n\tat com.intellij.rt.junit.IdeaTestRunner$Repeater$1.execute(IdeaTestRunner.java:38)\r\n\tat com.intellij.rt.execution.junit.TestsRepeater.repeat(TestsRepeater.java:11)\r\n\tat com.intellij.rt.junit.IdeaTestRunner$Repeater.startRunnerWithArgs(IdeaTestRunner.java:35)\r\n\tat com.intellij.rt.junit.JUnitStarter.prepareStreamsAndStart(JUnitStarter.java:235)\r\n\tat com.intellij.rt.junit.JUnitStarter.main(JUnitStarter.java:54)\r\nCaused by: java.lang.reflect.InvocationTargetException\r\n\tat java.base/jdk.internal.reflect.DirectConstructorHandleAccessor.newInstance(DirectConstructorHandleAccessor.java:79)\r\n\tat java.base/java.lang.reflect.Constructor.newInstanceWithCaller(Constructor.java:500)\r\n\tat java.base/java.lang.reflect.Constructor.newInstance(Constructor.java:484)\r\n\tat io.cucumber.core.backend.DefaultObjectFactory.cacheNewInstance(DefaultObjectFactory.java:53)\r\n\t... 46 more\r\nCaused by: org.openqa.selenium.remote.http.ConnectionFailedException: Unable to establish websocket connection to http://localhost:57658/devtools/browser/17ed8a01-76ff-4546-ac42-a4799049e10a\nBuild info: version: '4.7.2', revision: '4d4020c3b7'\nSystem info: os.name: 'Windows 10', os.arch: 'amd64', os.version: '10.0', java.version: '19.0.2'\nDriver info: driver.version: Driver\r\n\tat org.openqa.selenium.remote.http.netty.NettyWebSocket.<init>(NettyWebSocket.java:102)\r\n\tat org.openqa.selenium.remote.http.netty.NettyWebSocket.lambda$create$3(NettyWebSocket.java:128)\r\n\tat org.openqa.selenium.remote.http.netty.NettyClient.openSocket(NettyClient.java:107)\r\n\tat org.openqa.selenium.devtools.Connection.<init>(Connection.java:78)\r\n\tat org.openqa.selenium.chromium.ChromiumDriver.lambda$new$2(ChromiumDriver.java:116)\r\n\tat java.base/java.util.Optional.map(Optional.java:260)\r\n\tat org.openqa.selenium.chromium.ChromiumDriver.<init>(ChromiumDriver.java:114)\r\n\tat org.openqa.selenium.chrome.ChromeDriver.<init>(ChromeDriver.java:82)\r\n\tat org.openqa.selenium.chrome.ChromeDriver.<init>(ChromeDriver.java:50)\r\n\tat utilities.Driver.getDriver(Driver.java:32)\r\n\tat pages.HomePage.<init>(HomePage.java:10)\r\n\tat stepdefinitions.UIStepDefinitions.US_028.<init>(US_028.java:17)\r\n\tat java.base/jdk.internal.reflect.DirectConstructorHandleAccessor.newInstance(DirectConstructorHandleAccessor.java:67)\r\n\t... 49 more\r\n","duration":1872923400,"status":"failed"},"line":4,"name":"go to home page","match":{"location":"stepdefinitions.UIStepDefinitions.US_028.goToHomePage()"},"keyword":"Given "},{"result":{"duration":1001300,"status":"skipped"},"line":5,"name":"Verify that admin is in home page","match":{"location":"stepdefinitions.UIStepDefinitions.US_028.verifyThatAdminIsInHomePage()"},"keyword":"And "},{"result":{"status":"skipped"},"line":6,"name":"sign in as admin","match":{"location":"stepdefinitions.UIStepDefinitions.US_028.sign_in_as_admin()"},"keyword":"And "},{"result":{"status":"skipped"},"line":7,"name":"Verify that admin is logged in","match":{"location":"stepdefinitions.UIStepDefinitions.US_028.verify_that_admin_is_logged_in()"},"keyword":"And "},{"result":{"duration":998400,"status":"skipped"},"line":8,"name":"Click on Items&Titles button","match":{"location":"stepdefinitions.UIStepDefinitions.US_028.click_on_items_titles_button()"},"keyword":"When "},{"result":{"status":"skipped"},"line":9,"name":"Click on Messages option","match":{"location":"stepdefinitions.UIStepDefinitions.US_028.clickOnMessagesOption()"},"keyword":"And "}]},{"start_timestamp":"2023-03-10T08:08:42.299Z","before":[{"result":{"status":"passed"},"match":{"location":"hooks.Hooks.setUpScenario()"}},{"result":{"status":"passed"},"match":{"location":"hooks.Hooks.beforeApi()"}}],"line":26,"name":"TC04-Admin should delete the message","description":"","id":"messages;tc04-admin-should-delete-the-message","after":[{"result":{"error_message":"org.openqa.selenium.remote.http.ConnectionFailedException: Unable to establish websocket connection to http://localhost:57673/devtools/browser/ff334e16-7077-4aad-aa1e-f5ac9ef1e8bd\nBuild info: version: '4.7.2', revision: '4d4020c3b7'\nSystem info: os.name: 'Windows 10', os.arch: 'amd64', os.version: '10.0', java.version: '19.0.2'\nDriver info: driver.version: Driver\r\n\tat org.openqa.selenium.remote.http.netty.NettyWebSocket.<init>(NettyWebSocket.java:102)\r\n\tat org.openqa.selenium.remote.http.netty.NettyWebSocket.lambda$create$3(NettyWebSocket.java:128)\r\n\tat org.openqa.selenium.remote.http.netty.NettyClient.openSocket(NettyClient.java:107)\r\n\tat org.openqa.selenium.devtools.Connection.<init>(Connection.java:78)\r\n\tat org.openqa.selenium.chromium.ChromiumDriver.lambda$new$2(ChromiumDriver.java:116)\r\n\tat java.base/java.util.Optional.map(Optional.java:260)\r\n\tat org.openqa.selenium.chromium.ChromiumDriver.<init>(ChromiumDriver.java:114)\r\n\tat org.openqa.selenium.chrome.ChromeDriver.<init>(ChromeDriver.java:82)\r\n\tat org.openqa.selenium.chrome.ChromeDriver.<init>(ChromeDriver.java:50)\r\n\tat utilities.Driver.getDriver(Driver.java:32)\r\n\tat hooks.Hooks.tearDownScenario(Hooks.java:20)\r\n","duration":2845366300,"status":"failed"},"match":{"location":"hooks.Hooks.tearDownScenario(io.cucumber.java.Scenario)"}}],"type":"scenario","keyword":"Scenario","steps":[{"result":{"status":"skipped"},"line":27,"name":"Click  on Delete button of  created message","match":{"location":"stepdefinitions.UIStepDefinitions.US_028.clickOnDeleteButtonOfCreatedMessage()"},"keyword":"And "},{"result":{"duration":996400,"status":"skipped"},"line":28,"name":"Confirm delete operation and click on Delete button","match":{"location":"stepdefinitions.UIStepDefinitions.US_028.confirmDeleteOperationAndClickOnDeleteButton()"},"keyword":"And "},{"result":{"status":"skipped"},"line":29,"name":"Verify that deleted success message","match":{"location":"stepdefinitions.UIStepDefinitions.US_028.verifyThatDeletedSuccessMessage()"},"keyword":"Then "}],"tags":[{"name":"@admin_messages"}]}],"name":"messages","description":"","id":"messages","keyword":"Feature","uri":"file:src/test/resources/features/UIFeatures/US_028.feature","tags":[{"name":"@admin_messages","type":"Tag","location":{"line":1,"column":1}}]}]
=======
<<<<<<< Updated upstream
[{"line":1,"elements":[{"start_timestamp":"2023-03-04T11:18:55.982Z","line":2,"name":"Failure while executing Cucumber","description":"","id":"failure;failure-while-executing-cucumber","type":"scenario","keyword":"Scenario","steps":[{"result":{"duration":0,"status":"passed"},"line":3,"name":"Cucumber failed while executing","match":{"arguments":[],"location":"io.cucumber.core.Failure.failure_while_executing_cucumber()"},"keyword":"When "},{"result":{"duration":0,"error_message":"io.cucumber.core.runner.DuplicateStepDefinitionException: Duplicate step definitions in stepdefinitions.UIStepDefinitions.US_001.userName() and stepdefinitions.UIStepDefinitions.US_001.lastName()\r\n\tat io.cucumber.core.runner.CachingGlue.lambda$prepareGlue$3(CachingGlue.java:278)\r\n\tat java.base/java.util.ArrayList.forEach(ArrayList.java:1511)\r\n\tat io.cucumber.core.runner.CachingGlue.prepareGlue(CachingGlue.java:272)\r\n\tat io.cucumber.core.runner.Runner.runPickle(Runner.java:72)\r\n\tat io.cucumber.junit.PickleRunners$NoStepDescriptions.lambda$run$0(PickleRunners.java:151)\r\n\tat io.cucumber.core.runtime.CucumberExecutionContext.lambda$runTestCase$5(CucumberExecutionContext.java:130)\r\n\tat io.cucumber.core.runtime.RethrowingThrowableCollector.executeAndThrow(RethrowingThrowableCollector.java:23)\r\n\tat io.cucumber.core.runtime.CucumberExecutionContext.runTestCase(CucumberExecutionContext.java:130)\r\n\tat io.cucumber.junit.PickleRunners$NoStepDescriptions.run(PickleRunners.java:148)\r\n\tat io.cucumber.junit.FeatureRunner.runChild(FeatureRunner.java:144)\r\n\tat io.cucumber.junit.FeatureRunner.runChild(FeatureRunner.java:28)\r\n\tat org.junit.runners.ParentRunner$4.run(ParentRunner.java:331)\r\n\tat org.junit.runners.ParentRunner$1.schedule(ParentRunner.java:79)\r\n\tat org.junit.runners.ParentRunner.runChildren(ParentRunner.java:329)\r\n\tat org.junit.runners.ParentRunner.access$100(ParentRunner.java:66)\r\n\tat org.junit.runners.ParentRunner$2.evaluate(ParentRunner.java:293)\r\n\tat org.junit.runners.ParentRunner$3.evaluate(ParentRunner.java:306)\r\n\tat org.junit.runners.ParentRunner.run(ParentRunner.java:413)\r\n\tat io.cucumber.junit.FeatureRunner.run(FeatureRunner.java:137)\r\n\tat io.cucumber.junit.Cucumber.runChild(Cucumber.java:196)\r\n\tat io.cucumber.junit.Cucumber.runChild(Cucumber.java:89)\r\n\tat org.junit.runners.ParentRunner$4.run(ParentRunner.java:331)\r\n\tat org.junit.runners.ParentRunner$1.schedule(ParentRunner.java:79)\r\n\tat org.junit.runners.ParentRunner.runChildren(ParentRunner.java:329)\r\n\tat org.junit.runners.ParentRunner.access$100(ParentRunner.java:66)\r\n\tat org.junit.runners.ParentRunner$2.evaluate(ParentRunner.java:293)\r\n\tat io.cucumber.junit.Cucumber$RunBeforeAllHooks.evaluate(Cucumber.java:266)\r\n\tat io.cucumber.junit.Cucumber$RunAfterAllHooks.evaluate(Cucumber.java:281)\r\n\tat io.cucumber.junit.Cucumber$StartTestRun.evaluate(Cucumber.java:233)\r\n\tat io.cucumber.junit.Cucumber$FinishTestRun.evaluate(Cucumber.java:248)\r\n\tat org.junit.runners.ParentRunner$3.evaluate(ParentRunner.java:306)\r\n\tat org.junit.runners.ParentRunner.run(ParentRunner.java:413)\r\n\tat org.junit.runner.JUnitCore.run(JUnitCore.java:137)\r\n\tat com.intellij.junit4.JUnit4IdeaTestRunner.startRunnerWithArgs(JUnit4IdeaTestRunner.java:69)\r\n\tat com.intellij.rt.junit.IdeaTestRunner$Repeater$1.execute(IdeaTestRunner.java:38)\r\n\tat com.intellij.rt.execution.junit.TestsRepeater.repeat(TestsRepeater.java:11)\r\n\tat com.intellij.rt.junit.IdeaTestRunner$Repeater.startRunnerWithArgs(IdeaTestRunner.java:35)\r\n\tat com.intellij.rt.junit.JUnitStarter.prepareStreamsAndStart(JUnitStarter.java:235)\r\n\tat com.intellij.rt.junit.JUnitStarter.main(JUnitStarter.java:54)\r\n","status":"failed"},"line":4,"name":"Cucumber will report this error:","match":{"arguments":[],"location":"io.cucumber.core.Failure.cucumber_reports_this_error()"},"keyword":"Then "}]}],"name":"Test run failed","description":"There were errors during the execution","id":"failure","keyword":"Feature","uri":"classpath:io/cucumber/core/failure.feature","tags":[]}]
=======
[{"line":2,"elements":[{"line":3,"name":"","description":"","type":"background","keyword":"Background","steps":[{"result":{"error_message":"io.cucumber.core.exception.CucumberException: Failed to instantiate class stepdefinitions.UIStepDefinitions.US_028\r\n\tat io.cucumber.core.backend.DefaultObjectFactory.cacheNewInstance(DefaultObjectFactory.java:67)\r\n\tat io.cucumber.core.backend.DefaultObjectFactory.getInstance(DefaultObjectFactory.java:45)\r\n\tat io.cucumber.java.AbstractGlueDefinition.invokeMethod(AbstractGlueDefinition.java:47)\r\n\tat io.cucumber.java.JavaStepDefinition.execute(JavaStepDefinition.java:29)\r\n\tat io.cucumber.core.runner.CoreStepDefinition.execute(CoreStepDefinition.java:66)\r\n\tat io.cucumber.core.runner.PickleStepDefinitionMatch.runStep(PickleStepDefinitionMatch.java:63)\r\n\tat io.cucumber.core.runner.ExecutionMode$1.execute(ExecutionMode.java:10)\r\n\tat io.cucumber.core.runner.TestStep.executeStep(TestStep.java:84)\r\n\tat io.cucumber.core.runner.TestStep.run(TestStep.java:56)\r\n\tat io.cucumber.core.runner.PickleStepTestStep.run(PickleStepTestStep.java:51)\r\n\tat io.cucumber.core.runner.TestCase.run(TestCase.java:84)\r\n\tat io.cucumber.core.runner.Runner.runPickle(Runner.java:75)\r\n\tat io.cucumber.junit.PickleRunners$NoStepDescriptions.lambda$run$0(PickleRunners.java:151)\r\n\tat io.cucumber.core.runtime.CucumberExecutionContext.lambda$runTestCase$5(CucumberExecutionContext.java:130)\r\n\tat io.cucumber.core.runtime.RethrowingThrowableCollector.executeAndThrow(RethrowingThrowableCollector.java:23)\r\n\tat io.cucumber.core.runtime.CucumberExecutionContext.runTestCase(CucumberExecutionContext.java:130)\r\n\tat io.cucumber.junit.PickleRunners$NoStepDescriptions.run(PickleRunners.java:148)\r\n\tat io.cucumber.junit.FeatureRunner.runChild(FeatureRunner.java:144)\r\n\tat io.cucumber.junit.FeatureRunner.runChild(FeatureRunner.java:28)\r\n\tat org.junit.runners.ParentRunner$4.run(ParentRunner.java:331)\r\n\tat org.junit.runners.ParentRunner$1.schedule(ParentRunner.java:79)\r\n\tat org.junit.runners.ParentRunner.runChildren(ParentRunner.java:329)\r\n\tat org.junit.runners.ParentRunner.access$100(ParentRunner.java:66)\r\n\tat org.junit.runners.ParentRunner$2.evaluate(ParentRunner.java:293)\r\n\tat org.junit.runners.ParentRunner$3.evaluate(ParentRunner.java:306)\r\n\tat org.junit.runners.ParentRunner.run(ParentRunner.java:413)\r\n\tat io.cucumber.junit.FeatureRunner.run(FeatureRunner.java:137)\r\n\tat io.cucumber.junit.Cucumber.runChild(Cucumber.java:196)\r\n\tat io.cucumber.junit.Cucumber.runChild(Cucumber.java:89)\r\n\tat org.junit.runners.ParentRunner$4.run(ParentRunner.java:331)\r\n\tat org.junit.runners.ParentRunner$1.schedule(ParentRunner.java:79)\r\n\tat org.junit.runners.ParentRunner.runChildren(ParentRunner.java:329)\r\n\tat org.junit.runners.ParentRunner.access$100(ParentRunner.java:66)\r\n\tat org.junit.runners.ParentRunner$2.evaluate(ParentRunner.java:293)\r\n\tat io.cucumber.junit.Cucumber$RunBeforeAllHooks.evaluate(Cucumber.java:266)\r\n\tat io.cucumber.junit.Cucumber$RunAfterAllHooks.evaluate(Cucumber.java:281)\r\n\tat io.cucumber.junit.Cucumber$StartTestRun.evaluate(Cucumber.java:233)\r\n\tat io.cucumber.junit.Cucumber$FinishTestRun.evaluate(Cucumber.java:248)\r\n\tat org.junit.runners.ParentRunner$3.evaluate(ParentRunner.java:306)\r\n\tat org.junit.runners.ParentRunner.run(ParentRunner.java:413)\r\n\tat org.junit.runner.JUnitCore.run(JUnitCore.java:137)\r\n\tat com.intellij.junit4.JUnit4IdeaTestRunner.startRunnerWithArgs(JUnit4IdeaTestRunner.java:69)\r\n\tat com.intellij.rt.junit.IdeaTestRunner$Repeater$1.execute(IdeaTestRunner.java:38)\r\n\tat com.intellij.rt.execution.junit.TestsRepeater.repeat(TestsRepeater.java:11)\r\n\tat com.intellij.rt.junit.IdeaTestRunner$Repeater.startRunnerWithArgs(IdeaTestRunner.java:35)\r\n\tat com.intellij.rt.junit.JUnitStarter.prepareStreamsAndStart(JUnitStarter.java:235)\r\n\tat com.intellij.rt.junit.JUnitStarter.main(JUnitStarter.java:54)\r\nCaused by: java.lang.reflect.InvocationTargetException\r\n\tat java.base/jdk.internal.reflect.DirectConstructorHandleAccessor.newInstance(DirectConstructorHandleAccessor.java:79)\r\n\tat java.base/java.lang.reflect.Constructor.newInstanceWithCaller(Constructor.java:500)\r\n\tat java.base/java.lang.reflect.Constructor.newInstance(Constructor.java:484)\r\n\tat io.cucumber.core.backend.DefaultObjectFactory.cacheNewInstance(DefaultObjectFactory.java:53)\r\n\t... 46 more\r\nCaused by: org.openqa.selenium.InvalidSelectorException: Compound class names not permitted\nFor documentation on this error, please visit: https://selenium.dev/exceptions/#invalid_selector_exception\nBuild info: version: '4.7.2', revision: '4d4020c3b7'\nSystem info: os.name: 'Windows 10', os.arch: 'amd64', os.version: '10.0', java.version: '19.0.2'\nDriver info: driver.version: unknown\r\n\tat org.openqa.selenium.By$ByClassName.<init>(By.java:310)\r\n\tat org.openqa.selenium.By.className(By.java:100)\r\n\tat org.openqa.selenium.support.AbstractFindByBuilder.buildByFromShortFindBy(AbstractFindByBuilder.java:43)\r\n\tat org.openqa.selenium.support.FindBy$FindByBuilder.buildIt(FindBy.java:85)\r\n\tat org.openqa.selenium.support.pagefactory.Annotations.buildBy(Annotations.java:79)\r\n\tat org.openqa.selenium.support.pagefactory.DefaultElementLocator.<init>(DefaultElementLocator.java:58)\r\n\tat org.openqa.selenium.support.pagefactory.DefaultElementLocator.<init>(DefaultElementLocator.java:46)\r\n\tat org.openqa.selenium.support.pagefactory.DefaultElementLocatorFactory.createLocator(DefaultElementLocatorFactory.java:33)\r\n\tat org.openqa.selenium.support.pagefactory.DefaultFieldDecorator.decorate(DefaultFieldDecorator.java:57)\r\n\tat org.openqa.selenium.support.PageFactory.proxyFields(PageFactory.java:111)\r\n\tat org.openqa.selenium.support.PageFactory.initElements(PageFactory.java:103)\r\n\tat org.openqa.selenium.support.PageFactory.initElements(PageFactory.java:90)\r\n\tat org.openqa.selenium.support.PageFactory.initElements(PageFactory.java:78)\r\n\tat pages.AdminHomePage.<init>(AdminHomePage.java:11)\r\n\tat stepdefinitions.UIStepDefinitions.US_028.<init>(US_028.java:19)\r\n\tat java.base/jdk.internal.reflect.DirectConstructorHandleAccessor.newInstance(DirectConstructorHandleAccessor.java:67)\r\n\t... 49 more\r\n","duration":4159392200,"status":"failed"},"line":4,"name":"go to home page","match":{"location":"stepdefinitions.UIStepDefinitions.US_028.goToHomePage()"},"keyword":"Given "},{"result":{"status":"skipped"},"line":5,"name":"Verify that admin is in home page","match":{"location":"stepdefinitions.UIStepDefinitions.US_028.verifyThatAdminIsInHomePage()"},"keyword":"And "},{"result":{"duration":999600,"status":"skipped"},"line":6,"name":"sign in as admin","match":{"location":"stepdefinitions.UIStepDefinitions.US_028.sign_in_as_admin()"},"keyword":"And "},{"result":{"status":"skipped"},"line":7,"name":"Verify that admin is logged in","match":{"location":"stepdefinitions.UIStepDefinitions.US_028.verify_that_admin_is_logged_in()"},"keyword":"And "},{"result":{"status":"skipped"},"line":8,"name":"Click on Items&Titles button","match":{"location":"stepdefinitions.UIStepDefinitions.US_028.click_on_items_titles_button()"},"keyword":"When "},{"result":{"duration":1000000,"status":"skipped"},"line":9,"name":"Click on Messages option","match":{"location":"stepdefinitions.UIStepDefinitions.US_028.clickOnMessagesOption()"},"keyword":"And "}]},{"start_timestamp":"2023-03-08T20:28:58.594Z","before":[{"result":{"duration":4997600,"status":"passed"},"match":{"location":"hooks.Hooks.setUpScenario()"}}],"line":11,"name":"TC01-Admin sees all messages their author and email","description":"","id":"messages;tc01-admin-sees-all-messages-their-author-and-email","after":[{"embeddings":[{"data":"iVBORw0KGgoAAAANSUhEUgAABVAAAAJkCAYAAAD3Mgp9AAAAAXNSR0IArs4c6QAAEcJJREFUeJzt2LERwCAQwLCQ/Xd+BuBcQyFN4NprZuYDAAAAAODw3w4AAAAAAHiVgQoAAAAAEAxUAAAAAIBgoAIAAAAABAMVAAAAACAYqAAAAAAAwUAFAAAAAAgGKgAAAABAMFABAAAAAIKBCgAAAAAQDFQAAAAAgGCgAgAAAAAEAxUAAAAAIBioAAAAAADBQAUAAAAACAYqAAAAAEAwUAEAAAAAgoEKAAAAABAMVAAAAACAYKACAAAAAAQDFQAAAAAgGKgAAAAAAMFABQAAAAAIBioAAAAAQDBQAQAAAACCgQoAAAAAEAxUAAAAAIBgoAIAAAAABAMVAAAAACAYqAAAAAAAwUAFAAAAAAgGKgAAAABAMFABAAAAAIKBCgAAAAAQDFQAAAAAgGCgAgAAAAAEAxUAAAAAIBioAAAAAADBQAUAAAAACAYqAAAAAEAwUAEAAAAAgoEKAAAAABAMVAAAAACAYKACAAAAAAQDFQAAAAAgGKgAAAAAAMFABQAAAAAIBioAAAAAQDBQAQAAAACCgQoAAAAAEAxUAAAAAIBgoAIAAAAABAMVAAAAACAYqAAAAAAAwUAFAAAAAAgGKgAAAABAMFABAAAAAIKBCgAAAAAQDFQAAAAAgGCgAgAAAAAEAxUAAAAAIBioAAAAAADBQAUAAAAACAYqAAAAAEAwUAEAAAAAgoEKAAAAABAMVAAAAACAYKACAAAAAAQDFQAAAAAgGKgAAAAAAMFABQAAAAAIBioAAAAAQDBQAQAAAACCgQoAAAAAEAxUAAAAAIBgoAIAAAAABAMVAAAAACAYqAAAAAAAwUAFAAAAAAgGKgAAAABAMFABAAAAAIKBCgAAAAAQDFQAAAAAgGCgAgAAAAAEAxUAAAAAIBioAAAAAADBQAUAAAAACAYqAAAAAEAwUAEAAAAAgoEKAAAAABAMVAAAAACAYKACAAAAAAQDFQAAAAAgGKgAAAAAAMFABQAAAAAIBioAAAAAQDBQAQAAAACCgQoAAAAAEAxUAAAAAIBgoAIAAAAABAMVAAAAACAYqAAAAAAAwUAFAAAAAAgGKgAAAABAMFABAAAAAIKBCgAAAAAQDFQAAAAAgGCgAgAAAAAEAxUAAAAAIBioAAAAAADBQAUAAAAACAYqAAAAAEAwUAEAAAAAgoEKAAAAABAMVAAAAACAYKACAAAAAAQDFQAAAAAgGKgAAAAAAMFABQAAAAAIBioAAAAAQDBQAQAAAACCgQoAAAAAEAxUAAAAAIBgoAIAAAAABAMVAAAAACAYqAAAAAAAwUAFAAAAAAgGKgAAAABAMFABAAAAAIKBCgAAAAAQDFQAAAAAgGCgAgAAAAAEAxUAAAAAIBioAAAAAADBQAUAAAAACAYqAAAAAEAwUAEAAAAAgoEKAAAAABAMVAAAAACAYKACAAAAAAQDFQAAAAAgGKgAAAAAAMFABQAAAAAIBioAAAAAQDBQAQAAAACCgQoAAAAAEAxUAAAAAIBgoAIAAAAABAMVAAAAACAYqAAAAAAAwUAFAAAAAAgGKgAAAABAMFABAAAAAIKBCgAAAAAQDFQAAAAAgGCgAgAAAAAEAxUAAAAAIBioAAAAAADBQAUAAAAACAYqAAAAAEAwUAEAAAAAgoEKAAAAABAMVAAAAACAYKACAAAAAAQDFQAAAAAgGKgAAAAAAMFABQAAAAAIBioAAAAAQDBQAQAAAACCgQoAAAAAEAxUAAAAAIBgoAIAAAAABAMVAAAAACAYqAAAAAAAwUAFAAAAAAgGKgAAAABAMFABAAAAAIKBCgAAAAAQDFQAAAAAgGCgAgAAAAAEAxUAAAAAIBioAAAAAADBQAUAAAAACAYqAAAAAEAwUAEAAAAAgoEKAAAAABAMVAAAAACAYKACAAAAAAQDFQAAAAAgGKgAAAAAAMFABQAAAAAIBioAAAAAQDBQAQAAAACCgQoAAAAAEAxUAAAAAIBgoAIAAAAABAMVAAAAACAYqAAAAAAAwUAFAAAAAAgGKgAAAABAMFABAAAAAIKBCgAAAAAQDFQAAAAAgGCgAgAAAAAEAxUAAAAAIBioAAAAAADBQAUAAAAACAYqAAAAAEAwUAEAAAAAgoEKAAAAABAMVAAAAACAYKACAAAAAAQDFQAAAAAgGKgAAAAAAMFABQAAAAAIBioAAAAAQDBQAQAAAACCgQoAAAAAEAxUAAAAAIBgoAIAAAAABAMVAAAAACAYqAAAAAAAwUAFAAAAAAgGKgAAAABAMFABAAAAAIKBCgAAAAAQDFQAAAAAgGCgAgAAAAAEAxUAAAAAIBioAAAAAADBQAUAAAAACAYqAAAAAEAwUAEAAAAAgoEKAAAAABAMVAAAAACAYKACAAAAAAQDFQAAAAAgGKgAAAAAAMFABQAAAAAIBioAAAAAQDBQAQAAAACCgQoAAAAAEAxUAAAAAIBgoAIAAAAABAMVAAAAACAYqAAAAAAAwUAFAAAAAAgGKgAAAABAMFABAAAAAIKBCgAAAAAQDFQAAAAAgGCgAgAAAAAEAxUAAAAAIBioAAAAAADBQAUAAAAACAYqAAAAAEAwUAEAAAAAgoEKAAAAABAMVAAAAACAYKACAAAAAAQDFQAAAAAgGKgAAAAAAMFABQAAAAAIBioAAAAAQDBQAQAAAACCgQoAAAAAEAxUAAAAAIBgoAIAAAAABAMVAAAAACAYqAAAAAAAwUAFAAAAAAgGKgAAAABAMFABAAAAAIKBCgAAAAAQDFQAAAAAgGCgAgAAAAAEAxUAAAAAIBioAAAAAADBQAUAAAAACAYqAAAAAEAwUAEAAAAAgoEKAAAAABAMVAAAAACAYKACAAAAAAQDFQAAAAAgGKgAAAAAAMFABQAAAAAIBioAAAAAQDBQAQAAAACCgQoAAAAAEAxUAAAAAIBgoAIAAAAABAMVAAAAACAYqAAAAAAAwUAFAAAAAAgGKgAAAABAMFABAAAAAIKBCgAAAAAQDFQAAAAAgGCgAgAAAAAEAxUAAAAAIBioAAAAAADBQAUAAAAACAYqAAAAAEAwUAEAAAAAgoEKAAAAABAMVAAAAACAYKACAAAAAAQDFQAAAAAgGKgAAAAAAMFABQAAAAAIBioAAAAAQDBQAQAAAACCgQoAAAAAEAxUAAAAAIBgoAIAAAAABAMVAAAAACAYqAAAAAAAwUAFAAAAAAgGKgAAAABAMFABAAAAAIKBCgAAAAAQDFQAAAAAgGCgAgAAAAAEAxUAAAAAIBioAAAAAADBQAUAAAAACAYqAAAAAEAwUAEAAAAAgoEKAAAAABAMVAAAAACAYKACAAAAAAQDFQAAAAAgGKgAAAAAAMFABQAAAAAIBioAAAAAQDBQAQAAAACCgQoAAAAAEAxUAAAAAIBgoAIAAAAABAMVAAAAACAYqAAAAAAAwUAFAAAAAAgGKgAAAABAMFABAAAAAIKBCgAAAAAQDFQAAAAAgGCgAgAAAAAEAxUAAAAAIBioAAAAAADBQAUAAAAACAYqAAAAAEAwUAEAAAAAgoEKAAAAABAMVAAAAACAYKACAAAAAAQDFQAAAAAgGKgAAAAAAMFABQAAAAAIBioAAAAAQDBQAQAAAACCgQoAAAAAEAxUAAAAAIBgoAIAAAAABAMVAAAAACAYqAAAAAAAwUAFAAAAAAgGKgAAAABAMFABAAAAAIKBCgAAAAAQDFQAAAAAgGCgAgAAAAAEAxUAAAAAIBioAAAAAADBQAUAAAAACAYqAAAAAEAwUAEAAAAAgoEKAAAAABAMVAAAAACAYKACAAAAAAQDFQAAAAAgGKgAAAAAAMFABQAAAAAIBioAAAAAQDBQAQAAAACCgQoAAAAAEAxUAAAAAIBgoAIAAAAABAMVAAAAACAYqAAAAAAAwUAFAAAAAAgGKgAAAABAMFABAAAAAIKBCgAAAAAQDFQAAAAAgGCgAgAAAAAEAxUAAAAAIBioAAAAAADBQAUAAAAACAYqAAAAAEAwUAEAAAAAgoEKAAAAABAMVAAAAACAYKACAAAAAAQDFQAAAAAgGKgAAAAAAMFABQAAAAAIBioAAAAAQDBQAQAAAACCgQoAAAAAEAxUAAAAAIBgoAIAAAAABAMVAAAAACAYqAAAAAAAwUAFAAAAAAgGKgAAAABAMFABAAAAAIKBCgAAAAAQDFQAAAAAgGCgAgAAAAAEAxUAAAAAIBioAAAAAADBQAUAAAAACAYqAAAAAEAwUAEAAAAAgoEKAAAAABAMVAAAAACAYKACAAAAAAQDFQAAAAAgGKgAAAAAAMFABQAAAAAIBioAAAAAQDBQAQAAAACCgQoAAAAAEAxUAAAAAIBgoAIAAAAABAMVAAAAACAYqAAAAAAAwUAFAAAAAAgGKgAAAABAMFABAAAAAIKBCgAAAAAQDFQAAAAAgGCgAgAAAAAEAxUAAAAAIBioAAAAAADBQAUAAAAACAYqAAAAAEAwUAEAAAAAgoEKAAAAABAMVAAAAACAYKACAAAAAAQDFQAAAAAgGKgAAAAAAMFABQAAAAAIBioAAAAAQDBQAQAAAACCgQoAAAAAEAxUAAAAAIBgoAIAAAAABAMVAAAAACAYqAAAAAAAwUAFAAAAAAgGKgAAAABAMFABAAAAAIKBCgAAAAAQDFQAAAAAgGCgAgAAAAAEAxUAAAAAIBioAAAAAADBQAUAAAAACAYqAAAAAEAwUAEAAAAAgoEKAAAAABAMVAAAAACAYKACAAAAAAQDFQAAAAAgGKgAAAAAAMFABQAAAAAIBioAAAAAQDBQAQAAAACCgQoAAAAAEAxUAAAAAIBgoAIAAAAABAMVAAAAACAYqAAAAAAAwUAFAAAAAAgGKgAAAABAMFABAAAAAIKBCgAAAAAQDFQAAAAAgGCgAgAAAAAEAxUAAAAAIBioAAAAAADBQAUAAAAACAYqAAAAAEAwUAEAAAAAgoEKAAAAABAMVAAAAACAYKACAAAAAAQDFQAAAAAgGKgAAAAAAMFABQAAAAAIBioAAAAAQDBQAQAAAACCgQoAAAAAEAxUAAAAAIBgoAIAAAAABAMVAAAAACAYqAAAAAAAwUAFAAAAAAgGKgAAAABAMFABAAAAAIKBCgAAAAAQDFQAAAAAgGCgAgAAAAAEAxUAAAAAIBioAAAAAADBQAUAAAAACAYqAAAAAEAwUAEAAAAAgoEKAAAAABAMVAAAAACAYKACAAAAAAQDFQAAAAAgGKgAAAAAAMFABQAAAAAIBioAAAAAQDBQAQAAAACCgQoAAAAAEAxUAAAAAIBgoAIAAAAABAMVAAAAACAYqAAAAAAAwUAFAAAAAAgGKgAAAABAMFABAAAAAIKBCgAAAAAQDFQAAAAAgGCgAgAAAAAEAxUAAAAAIBioAAAAAADBQAUAAAAACAYqAAAAAEAwUAEAAAAAgoEKAAAAABAMVAAAAACAYKACAAAAAAQDFQAAAAAgGKgAAAAAAMFABQAAAAAIBioAAAAAQDBQAQAAAACCgQoAAAAAEAxUAAAAAIBgoAIAAAAABAMVAAAAACAYqAAAAAAAwUAFAAAAAAgGKgAAAABAMFABAAAAAIKBCgAAAAAQDFQAAAAAgGCgAgAAAAAEAxUAAAAAIBioAAAAAADBQAUAAAAACAYqAAAAAEAwUAEAAAAAgoEKAAAAABAMVAAAAACAYKACAAAAAAQDFQAAAAAgGKgAAAAAAMFABQAAAAAIBioAAAAAQDBQAQAAAACCgQoAAAAAEAxUAAAAAIBgoAIAAAAABAMVAAAAACAYqAAAAAAAwUAFAAAAAAgGKgAAAABAMFABAAAAAIKBCgAAAAAQDFQAAAAAgGCgAgAAAAAEAxUAAAAAIBioAAAAAADBQAUAAAAACAYqAAAAAEAwUAEAAAAAgoEKAAAAABAMVAAAAACAYKACAAAAAAQDFQAAAAAgGKgAAAAAAMFABQAAAAAIBioAAAAAQDBQAQAAAACCgQoAAAAAEAxUAAAAAIBgoAIAAAAABAMVAAAAACAYqAAAAAAAwUAFAAAAAAgGKgAAAABAMFABAAAAAIKBCgAAAAAQDFQAAAAAgLAB4a8IxCp2pJUAAAAASUVORK5CYII=","mime_type":"image/png","name":"failed_scenarioTC01-Admin sees all messages their author and email"}],"result":{"duration":1074381800,"status":"passed"},"match":{"location":"hooks.Hooks.tearDownScenario(io.cucumber.java.Scenario)"}}],"type":"scenario","keyword":"Scenario","steps":[{"result":{"status":"skipped"},"line":12,"name":"The messages ,their authors and emails should be displayed","match":{"location":"stepdefinitions.UIStepDefinitions.US_028.the_messages_their_authors_and_emails_should_be_displayed()"},"keyword":"Then "}],"tags":[{"name":"@admin_messages"}]},{"line":3,"name":"","description":"","type":"background","keyword":"Background","steps":[{"result":{"error_message":"io.cucumber.core.exception.CucumberException: Failed to instantiate class stepdefinitions.UIStepDefinitions.US_028\r\n\tat io.cucumber.core.backend.DefaultObjectFactory.cacheNewInstance(DefaultObjectFactory.java:67)\r\n\tat io.cucumber.core.backend.DefaultObjectFactory.getInstance(DefaultObjectFactory.java:45)\r\n\tat io.cucumber.java.AbstractGlueDefinition.invokeMethod(AbstractGlueDefinition.java:47)\r\n\tat io.cucumber.java.JavaStepDefinition.execute(JavaStepDefinition.java:29)\r\n\tat io.cucumber.core.runner.CoreStepDefinition.execute(CoreStepDefinition.java:66)\r\n\tat io.cucumber.core.runner.PickleStepDefinitionMatch.runStep(PickleStepDefinitionMatch.java:63)\r\n\tat io.cucumber.core.runner.ExecutionMode$1.execute(ExecutionMode.java:10)\r\n\tat io.cucumber.core.runner.TestStep.executeStep(TestStep.java:84)\r\n\tat io.cucumber.core.runner.TestStep.run(TestStep.java:56)\r\n\tat io.cucumber.core.runner.PickleStepTestStep.run(PickleStepTestStep.java:51)\r\n\tat io.cucumber.core.runner.TestCase.run(TestCase.java:84)\r\n\tat io.cucumber.core.runner.Runner.runPickle(Runner.java:75)\r\n\tat io.cucumber.junit.PickleRunners$NoStepDescriptions.lambda$run$0(PickleRunners.java:151)\r\n\tat io.cucumber.core.runtime.CucumberExecutionContext.lambda$runTestCase$5(CucumberExecutionContext.java:130)\r\n\tat io.cucumber.core.runtime.RethrowingThrowableCollector.executeAndThrow(RethrowingThrowableCollector.java:23)\r\n\tat io.cucumber.core.runtime.CucumberExecutionContext.runTestCase(CucumberExecutionContext.java:130)\r\n\tat io.cucumber.junit.PickleRunners$NoStepDescriptions.run(PickleRunners.java:148)\r\n\tat io.cucumber.junit.FeatureRunner.runChild(FeatureRunner.java:144)\r\n\tat io.cucumber.junit.FeatureRunner.runChild(FeatureRunner.java:28)\r\n\tat org.junit.runners.ParentRunner$4.run(ParentRunner.java:331)\r\n\tat org.junit.runners.ParentRunner$1.schedule(ParentRunner.java:79)\r\n\tat org.junit.runners.ParentRunner.runChildren(ParentRunner.java:329)\r\n\tat org.junit.runners.ParentRunner.access$100(ParentRunner.java:66)\r\n\tat org.junit.runners.ParentRunner$2.evaluate(ParentRunner.java:293)\r\n\tat org.junit.runners.ParentRunner$3.evaluate(ParentRunner.java:306)\r\n\tat org.junit.runners.ParentRunner.run(ParentRunner.java:413)\r\n\tat io.cucumber.junit.FeatureRunner.run(FeatureRunner.java:137)\r\n\tat io.cucumber.junit.Cucumber.runChild(Cucumber.java:196)\r\n\tat io.cucumber.junit.Cucumber.runChild(Cucumber.java:89)\r\n\tat org.junit.runners.ParentRunner$4.run(ParentRunner.java:331)\r\n\tat org.junit.runners.ParentRunner$1.schedule(ParentRunner.java:79)\r\n\tat org.junit.runners.ParentRunner.runChildren(ParentRunner.java:329)\r\n\tat org.junit.runners.ParentRunner.access$100(ParentRunner.java:66)\r\n\tat org.junit.runners.ParentRunner$2.evaluate(ParentRunner.java:293)\r\n\tat io.cucumber.junit.Cucumber$RunBeforeAllHooks.evaluate(Cucumber.java:266)\r\n\tat io.cucumber.junit.Cucumber$RunAfterAllHooks.evaluate(Cucumber.java:281)\r\n\tat io.cucumber.junit.Cucumber$StartTestRun.evaluate(Cucumber.java:233)\r\n\tat io.cucumber.junit.Cucumber$FinishTestRun.evaluate(Cucumber.java:248)\r\n\tat org.junit.runners.ParentRunner$3.evaluate(ParentRunner.java:306)\r\n\tat org.junit.runners.ParentRunner.run(ParentRunner.java:413)\r\n\tat org.junit.runner.JUnitCore.run(JUnitCore.java:137)\r\n\tat com.intellij.junit4.JUnit4IdeaTestRunner.startRunnerWithArgs(JUnit4IdeaTestRunner.java:69)\r\n\tat com.intellij.rt.junit.IdeaTestRunner$Repeater$1.execute(IdeaTestRunner.java:38)\r\n\tat com.intellij.rt.execution.junit.TestsRepeater.repeat(TestsRepeater.java:11)\r\n\tat com.intellij.rt.junit.IdeaTestRunner$Repeater.startRunnerWithArgs(IdeaTestRunner.java:35)\r\n\tat com.intellij.rt.junit.JUnitStarter.prepareStreamsAndStart(JUnitStarter.java:235)\r\n\tat com.intellij.rt.junit.JUnitStarter.main(JUnitStarter.java:54)\r\nCaused by: java.lang.reflect.InvocationTargetException\r\n\tat java.base/jdk.internal.reflect.DirectConstructorHandleAccessor.newInstance(DirectConstructorHandleAccessor.java:79)\r\n\tat java.base/java.lang.reflect.Constructor.newInstanceWithCaller(Constructor.java:500)\r\n\tat java.base/java.lang.reflect.Constructor.newInstance(Constructor.java:484)\r\n\tat io.cucumber.core.backend.DefaultObjectFactory.cacheNewInstance(DefaultObjectFactory.java:53)\r\n\t... 46 more\r\nCaused by: org.openqa.selenium.InvalidSelectorException: Compound class names not permitted\nFor documentation on this error, please visit: https://selenium.dev/exceptions/#invalid_selector_exception\nBuild info: version: '4.7.2', revision: '4d4020c3b7'\nSystem info: os.name: 'Windows 10', os.arch: 'amd64', os.version: '10.0', java.version: '19.0.2'\nDriver info: driver.version: unknown\r\n\tat org.openqa.selenium.By$ByClassName.<init>(By.java:310)\r\n\tat org.openqa.selenium.By.className(By.java:100)\r\n\tat org.openqa.selenium.support.AbstractFindByBuilder.buildByFromShortFindBy(AbstractFindByBuilder.java:43)\r\n\tat org.openqa.selenium.support.FindBy$FindByBuilder.buildIt(FindBy.java:85)\r\n\tat org.openqa.selenium.support.pagefactory.Annotations.buildBy(Annotations.java:79)\r\n\tat org.openqa.selenium.support.pagefactory.DefaultElementLocator.<init>(DefaultElementLocator.java:58)\r\n\tat org.openqa.selenium.support.pagefactory.DefaultElementLocator.<init>(DefaultElementLocator.java:46)\r\n\tat org.openqa.selenium.support.pagefactory.DefaultElementLocatorFactory.createLocator(DefaultElementLocatorFactory.java:33)\r\n\tat org.openqa.selenium.support.pagefactory.DefaultFieldDecorator.decorate(DefaultFieldDecorator.java:57)\r\n\tat org.openqa.selenium.support.PageFactory.proxyFields(PageFactory.java:111)\r\n\tat org.openqa.selenium.support.PageFactory.initElements(PageFactory.java:103)\r\n\tat org.openqa.selenium.support.PageFactory.initElements(PageFactory.java:90)\r\n\tat org.openqa.selenium.support.PageFactory.initElements(PageFactory.java:78)\r\n\tat pages.AdminHomePage.<init>(AdminHomePage.java:11)\r\n\tat stepdefinitions.UIStepDefinitions.US_028.<init>(US_028.java:19)\r\n\tat java.base/jdk.internal.reflect.DirectConstructorHandleAccessor.newInstance(DirectConstructorHandleAccessor.java:67)\r\n\t... 49 more\r\n","duration":1544113900,"status":"failed"},"line":4,"name":"go to home page","match":{"location":"stepdefinitions.UIStepDefinitions.US_028.goToHomePage()"},"keyword":"Given "},{"result":{"status":"skipped"},"line":5,"name":"Verify that admin is in home page","match":{"location":"stepdefinitions.UIStepDefinitions.US_028.verifyThatAdminIsInHomePage()"},"keyword":"And "},{"result":{"status":"skipped"},"line":6,"name":"sign in as admin","match":{"location":"stepdefinitions.UIStepDefinitions.US_028.sign_in_as_admin()"},"keyword":"And "},{"result":{"duration":999600,"status":"skipped"},"line":7,"name":"Verify that admin is logged in","match":{"location":"stepdefinitions.UIStepDefinitions.US_028.verify_that_admin_is_logged_in()"},"keyword":"And "},{"result":{"status":"skipped"},"line":8,"name":"Click on Items&Titles button","match":{"location":"stepdefinitions.UIStepDefinitions.US_028.click_on_items_titles_button()"},"keyword":"When "},{"result":{"status":"skipped"},"line":9,"name":"Click on Messages option","match":{"location":"stepdefinitions.UIStepDefinitions.US_028.clickOnMessagesOption()"},"keyword":"And "}]},{"start_timestamp":"2023-03-08T20:29:03.934Z","before":[{"result":{"status":"passed"},"match":{"location":"hooks.Hooks.setUpScenario()"}}],"line":14,"name":"TC02-Admin should create  new message","description":"","id":"messages;tc02-admin-should-create--new-message","after":[{"embeddings":[{"data":"iVBORw0KGgoAAAANSUhEUgAABVAAAAJkCAYAAAD3Mgp9AAAAAXNSR0IArs4c6QAAEcJJREFUeJzt2LERwCAQwLCQ/Xd+BuBcQyFN4NprZuYDAAAAAODw3w4AAAAAAHiVgQoAAAAAEAxUAAAAAIBgoAIAAAAABAMVAAAAACAYqAAAAAAAwUAFAAAAAAgGKgAAAABAMFABAAAAAIKBCgAAAAAQDFQAAAAAgGCgAgAAAAAEAxUAAAAAIBioAAAAAADBQAUAAAAACAYqAAAAAEAwUAEAAAAAgoEKAAAAABAMVAAAAACAYKACAAAAAAQDFQAAAAAgGKgAAAAAAMFABQAAAAAIBioAAAAAQDBQAQAAAACCgQoAAAAAEAxUAAAAAIBgoAIAAAAABAMVAAAAACAYqAAAAAAAwUAFAAAAAAgGKgAAAABAMFABAAAAAIKBCgAAAAAQDFQAAAAAgGCgAgAAAAAEAxUAAAAAIBioAAAAAADBQAUAAAAACAYqAAAAAEAwUAEAAAAAgoEKAAAAABAMVAAAAACAYKACAAAAAAQDFQAAAAAgGKgAAAAAAMFABQAAAAAIBioAAAAAQDBQAQAAAACCgQoAAAAAEAxUAAAAAIBgoAIAAAAABAMVAAAAACAYqAAAAAAAwUAFAAAAAAgGKgAAAABAMFABAAAAAIKBCgAAAAAQDFQAAAAAgGCgAgAAAAAEAxUAAAAAIBioAAAAAADBQAUAAAAACAYqAAAAAEAwUAEAAAAAgoEKAAAAABAMVAAAAACAYKACAAAAAAQDFQAAAAAgGKgAAAAAAMFABQAAAAAIBioAAAAAQDBQAQAAAACCgQoAAAAAEAxUAAAAAIBgoAIAAAAABAMVAAAAACAYqAAAAAAAwUAFAAAAAAgGKgAAAABAMFABAAAAAIKBCgAAAAAQDFQAAAAAgGCgAgAAAAAEAxUAAAAAIBioAAAAAADBQAUAAAAACAYqAAAAAEAwUAEAAAAAgoEKAAAAABAMVAAAAACAYKACAAAAAAQDFQAAAAAgGKgAAAAAAMFABQAAAAAIBioAAAAAQDBQAQAAAACCgQoAAAAAEAxUAAAAAIBgoAIAAAAABAMVAAAAACAYqAAAAAAAwUAFAAAAAAgGKgAAAABAMFABAAAAAIKBCgAAAAAQDFQAAAAAgGCgAgAAAAAEAxUAAAAAIBioAAAAAADBQAUAAAAACAYqAAAAAEAwUAEAAAAAgoEKAAAAABAMVAAAAACAYKACAAAAAAQDFQAAAAAgGKgAAAAAAMFABQAAAAAIBioAAAAAQDBQAQAAAACCgQoAAAAAEAxUAAAAAIBgoAIAAAAABAMVAAAAACAYqAAAAAAAwUAFAAAAAAgGKgAAAABAMFABAAAAAIKBCgAAAAAQDFQAAAAAgGCgAgAAAAAEAxUAAAAAIBioAAAAAADBQAUAAAAACAYqAAAAAEAwUAEAAAAAgoEKAAAAABAMVAAAAACAYKACAAAAAAQDFQAAAAAgGKgAAAAAAMFABQAAAAAIBioAAAAAQDBQAQAAAACCgQoAAAAAEAxUAAAAAIBgoAIAAAAABAMVAAAAACAYqAAAAAAAwUAFAAAAAAgGKgAAAABAMFABAAAAAIKBCgAAAAAQDFQAAAAAgGCgAgAAAAAEAxUAAAAAIBioAAAAAADBQAUAAAAACAYqAAAAAEAwUAEAAAAAgoEKAAAAABAMVAAAAACAYKACAAAAAAQDFQAAAAAgGKgAAAAAAMFABQAAAAAIBioAAAAAQDBQAQAAAACCgQoAAAAAEAxUAAAAAIBgoAIAAAAABAMVAAAAACAYqAAAAAAAwUAFAAAAAAgGKgAAAABAMFABAAAAAIKBCgAAAAAQDFQAAAAAgGCgAgAAAAAEAxUAAAAAIBioAAAAAADBQAUAAAAACAYqAAAAAEAwUAEAAAAAgoEKAAAAABAMVAAAAACAYKACAAAAAAQDFQAAAAAgGKgAAAAAAMFABQAAAAAIBioAAAAAQDBQAQAAAACCgQoAAAAAEAxUAAAAAIBgoAIAAAAABAMVAAAAACAYqAAAAAAAwUAFAAAAAAgGKgAAAABAMFABAAAAAIKBCgAAAAAQDFQAAAAAgGCgAgAAAAAEAxUAAAAAIBioAAAAAADBQAUAAAAACAYqAAAAAEAwUAEAAAAAgoEKAAAAABAMVAAAAACAYKACAAAAAAQDFQAAAAAgGKgAAAAAAMFABQAAAAAIBioAAAAAQDBQAQAAAACCgQoAAAAAEAxUAAAAAIBgoAIAAAAABAMVAAAAACAYqAAAAAAAwUAFAAAAAAgGKgAAAABAMFABAAAAAIKBCgAAAAAQDFQAAAAAgGCgAgAAAAAEAxUAAAAAIBioAAAAAADBQAUAAAAACAYqAAAAAEAwUAEAAAAAgoEKAAAAABAMVAAAAACAYKACAAAAAAQDFQAAAAAgGKgAAAAAAMFABQAAAAAIBioAAAAAQDBQAQAAAACCgQoAAAAAEAxUAAAAAIBgoAIAAAAABAMVAAAAACAYqAAAAAAAwUAFAAAAAAgGKgAAAABAMFABAAAAAIKBCgAAAAAQDFQAAAAAgGCgAgAAAAAEAxUAAAAAIBioAAAAAADBQAUAAAAACAYqAAAAAEAwUAEAAAAAgoEKAAAAABAMVAAAAACAYKACAAAAAAQDFQAAAAAgGKgAAAAAAMFABQAAAAAIBioAAAAAQDBQAQAAAACCgQoAAAAAEAxUAAAAAIBgoAIAAAAABAMVAAAAACAYqAAAAAAAwUAFAAAAAAgGKgAAAABAMFABAAAAAIKBCgAAAAAQDFQAAAAAgGCgAgAAAAAEAxUAAAAAIBioAAAAAADBQAUAAAAACAYqAAAAAEAwUAEAAAAAgoEKAAAAABAMVAAAAACAYKACAAAAAAQDFQAAAAAgGKgAAAAAAMFABQAAAAAIBioAAAAAQDBQAQAAAACCgQoAAAAAEAxUAAAAAIBgoAIAAAAABAMVAAAAACAYqAAAAAAAwUAFAAAAAAgGKgAAAABAMFABAAAAAIKBCgAAAAAQDFQAAAAAgGCgAgAAAAAEAxUAAAAAIBioAAAAAADBQAUAAAAACAYqAAAAAEAwUAEAAAAAgoEKAAAAABAMVAAAAACAYKACAAAAAAQDFQAAAAAgGKgAAAAAAMFABQAAAAAIBioAAAAAQDBQAQAAAACCgQoAAAAAEAxUAAAAAIBgoAIAAAAABAMVAAAAACAYqAAAAAAAwUAFAAAAAAgGKgAAAABAMFABAAAAAIKBCgAAAAAQDFQAAAAAgGCgAgAAAAAEAxUAAAAAIBioAAAAAADBQAUAAAAACAYqAAAAAEAwUAEAAAAAgoEKAAAAABAMVAAAAACAYKACAAAAAAQDFQAAAAAgGKgAAAAAAMFABQAAAAAIBioAAAAAQDBQAQAAAACCgQoAAAAAEAxUAAAAAIBgoAIAAAAABAMVAAAAACAYqAAAAAAAwUAFAAAAAAgGKgAAAABAMFABAAAAAIKBCgAAAAAQDFQAAAAAgGCgAgAAAAAEAxUAAAAAIBioAAAAAADBQAUAAAAACAYqAAAAAEAwUAEAAAAAgoEKAAAAABAMVAAAAACAYKACAAAAAAQDFQAAAAAgGKgAAAAAAMFABQAAAAAIBioAAAAAQDBQAQAAAACCgQoAAAAAEAxUAAAAAIBgoAIAAAAABAMVAAAAACAYqAAAAAAAwUAFAAAAAAgGKgAAAABAMFABAAAAAIKBCgAAAAAQDFQAAAAAgGCgAgAAAAAEAxUAAAAAIBioAAAAAADBQAUAAAAACAYqAAAAAEAwUAEAAAAAgoEKAAAAABAMVAAAAACAYKACAAAAAAQDFQAAAAAgGKgAAAAAAMFABQAAAAAIBioAAAAAQDBQAQAAAACCgQoAAAAAEAxUAAAAAIBgoAIAAAAABAMVAAAAACAYqAAAAAAAwUAFAAAAAAgGKgAAAABAMFABAAAAAIKBCgAAAAAQDFQAAAAAgGCgAgAAAAAEAxUAAAAAIBioAAAAAADBQAUAAAAACAYqAAAAAEAwUAEAAAAAgoEKAAAAABAMVAAAAACAYKACAAAAAAQDFQAAAAAgGKgAAAAAAMFABQAAAAAIBioAAAAAQDBQAQAAAACCgQoAAAAAEAxUAAAAAIBgoAIAAAAABAMVAAAAACAYqAAAAAAAwUAFAAAAAAgGKgAAAABAMFABAAAAAIKBCgAAAAAQDFQAAAAAgGCgAgAAAAAEAxUAAAAAIBioAAAAAADBQAUAAAAACAYqAAAAAEAwUAEAAAAAgoEKAAAAABAMVAAAAACAYKACAAAAAAQDFQAAAAAgGKgAAAAAAMFABQAAAAAIBioAAAAAQDBQAQAAAACCgQoAAAAAEAxUAAAAAIBgoAIAAAAABAMVAAAAACAYqAAAAAAAwUAFAAAAAAgGKgAAAABAMFABAAAAAIKBCgAAAAAQDFQAAAAAgGCgAgAAAAAEAxUAAAAAIBioAAAAAADBQAUAAAAACAYqAAAAAEAwUAEAAAAAgoEKAAAAABAMVAAAAACAYKACAAAAAAQDFQAAAAAgGKgAAAAAAMFABQAAAAAIBioAAAAAQDBQAQAAAACCgQoAAAAAEAxUAAAAAIBgoAIAAAAABAMVAAAAACAYqAAAAAAAwUAFAAAAAAgGKgAAAABAMFABAAAAAIKBCgAAAAAQDFQAAAAAgGCgAgAAAAAEAxUAAAAAIBioAAAAAADBQAUAAAAACAYqAAAAAEAwUAEAAAAAgoEKAAAAABAMVAAAAACAYKACAAAAAAQDFQAAAAAgGKgAAAAAAMFABQAAAAAIBioAAAAAQDBQAQAAAACCgQoAAAAAEAxUAAAAAIBgoAIAAAAABAMVAAAAACAYqAAAAAAAwUAFAAAAAAgGKgAAAABAMFABAAAAAIKBCgAAAAAQDFQAAAAAgGCgAgAAAAAEAxUAAAAAIBioAAAAAADBQAUAAAAACAYqAAAAAEAwUAEAAAAAgoEKAAAAABAMVAAAAACAYKACAAAAAAQDFQAAAAAgGKgAAAAAAMFABQAAAAAIBioAAAAAQDBQAQAAAACCgQoAAAAAEAxUAAAAAIBgoAIAAAAABAMVAAAAACAYqAAAAAAAwUAFAAAAAAgGKgAAAABAMFABAAAAAIKBCgAAAAAQDFQAAAAAgGCgAgAAAAAEAxUAAAAAIBioAAAAAADBQAUAAAAACAYqAAAAAEAwUAEAAAAAgoEKAAAAABAMVAAAAACAYKACAAAAAAQDFQAAAAAgGKgAAAAAAMFABQAAAAAIBioAAAAAQDBQAQAAAACCgQoAAAAAEAxUAAAAAIBgoAIAAAAABAMVAAAAACAYqAAAAAAAwUAFAAAAAAgGKgAAAABAMFABAAAAAIKBCgAAAAAQDFQAAAAAgGCgAgAAAAAEAxUAAAAAIBioAAAAAADBQAUAAAAACAYqAAAAAEAwUAEAAAAAgoEKAAAAABAMVAAAAACAYKACAAAAAAQDFQAAAAAgGKgAAAAAAMFABQAAAAAIBioAAAAAQDBQAQAAAACCgQoAAAAAEAxUAAAAAIBgoAIAAAAABAMVAAAAACAYqAAAAAAAwUAFAAAAAAgGKgAAAABAMFABAAAAAIKBCgAAAAAQDFQAAAAAgGCgAgAAAAAEAxUAAAAAIBioAAAAAADBQAUAAAAACAYqAAAAAEAwUAEAAAAAgoEKAAAAABAMVAAAAACAYKACAAAAAAQDFQAAAAAgGKgAAAAAAMFABQAAAAAIBioAAAAAQDBQAQAAAACCgQoAAAAAEAxUAAAAAIBgoAIAAAAABAMVAAAAACAYqAAAAAAAwUAFAAAAAAgGKgAAAABAMFABAAAAAIKBCgAAAAAQDFQAAAAAgGCgAgAAAAAEAxUAAAAAIBioAAAAAADBQAUAAAAACAYqAAAAAEAwUAEAAAAAgoEKAAAAABAMVAAAAACAYKACAAAAAAQDFQAAAAAgGKgAAAAAAMFABQAAAAAIBioAAAAAQDBQAQAAAACCgQoAAAAAEAxUAAAAAIBgoAIAAAAABAMVAAAAACAYqAAAAAAAwUAFAAAAAAgGKgAAAABAMFABAAAAAIKBCgAAAAAQDFQAAAAAgLAB4a8IxCp2pJUAAAAASUVORK5CYII=","mime_type":"image/png","name":"failed_scenarioTC02-Admin should create  new message"}],"result":{"duration":940460100,"status":"passed"},"match":{"location":"hooks.Hooks.tearDownScenario(io.cucumber.java.Scenario)"}}],"type":"scenario","keyword":"Scenario","steps":[{"result":{"status":"skipped"},"line":15,"name":"Click  on Create a new Message button","match":{"location":"stepdefinitions.UIStepDefinitions.US_028.clickOnCreateANewMessageButton()"},"keyword":"And "},{"result":{"duration":999100,"status":"skipped"},"line":16,"name":"Fill in the blanks with required information","match":{"location":"stepdefinitions.UIStepDefinitions.US_028.fillInTheBlanksWithRequiredInformation()"},"keyword":"And "},{"result":{"status":"skipped"},"line":17,"name":"Click on Save button","match":{"location":"stepdefinitions.UIStepDefinitions.US_028.clickOnSaveButton()"},"keyword":"And "},{"result":{"duration":999900,"status":"skipped"},"line":18,"name":"Verify that success message","match":{"location":"stepdefinitions.UIStepDefinitions.US_028.verifyThatSuccessMessage()"},"keyword":"Then "}],"tags":[{"name":"@admin_messages"}]},{"line":3,"name":"","description":"","type":"background","keyword":"Background","steps":[{"result":{"error_message":"io.cucumber.core.exception.CucumberException: Failed to instantiate class stepdefinitions.UIStepDefinitions.US_028\r\n\tat io.cucumber.core.backend.DefaultObjectFactory.cacheNewInstance(DefaultObjectFactory.java:67)\r\n\tat io.cucumber.core.backend.DefaultObjectFactory.getInstance(DefaultObjectFactory.java:45)\r\n\tat io.cucumber.java.AbstractGlueDefinition.invokeMethod(AbstractGlueDefinition.java:47)\r\n\tat io.cucumber.java.JavaStepDefinition.execute(JavaStepDefinition.java:29)\r\n\tat io.cucumber.core.runner.CoreStepDefinition.execute(CoreStepDefinition.java:66)\r\n\tat io.cucumber.core.runner.PickleStepDefinitionMatch.runStep(PickleStepDefinitionMatch.java:63)\r\n\tat io.cucumber.core.runner.ExecutionMode$1.execute(ExecutionMode.java:10)\r\n\tat io.cucumber.core.runner.TestStep.executeStep(TestStep.java:84)\r\n\tat io.cucumber.core.runner.TestStep.run(TestStep.java:56)\r\n\tat io.cucumber.core.runner.PickleStepTestStep.run(PickleStepTestStep.java:51)\r\n\tat io.cucumber.core.runner.TestCase.run(TestCase.java:84)\r\n\tat io.cucumber.core.runner.Runner.runPickle(Runner.java:75)\r\n\tat io.cucumber.junit.PickleRunners$NoStepDescriptions.lambda$run$0(PickleRunners.java:151)\r\n\tat io.cucumber.core.runtime.CucumberExecutionContext.lambda$runTestCase$5(CucumberExecutionContext.java:130)\r\n\tat io.cucumber.core.runtime.RethrowingThrowableCollector.executeAndThrow(RethrowingThrowableCollector.java:23)\r\n\tat io.cucumber.core.runtime.CucumberExecutionContext.runTestCase(CucumberExecutionContext.java:130)\r\n\tat io.cucumber.junit.PickleRunners$NoStepDescriptions.run(PickleRunners.java:148)\r\n\tat io.cucumber.junit.FeatureRunner.runChild(FeatureRunner.java:144)\r\n\tat io.cucumber.junit.FeatureRunner.runChild(FeatureRunner.java:28)\r\n\tat org.junit.runners.ParentRunner$4.run(ParentRunner.java:331)\r\n\tat org.junit.runners.ParentRunner$1.schedule(ParentRunner.java:79)\r\n\tat org.junit.runners.ParentRunner.runChildren(ParentRunner.java:329)\r\n\tat org.junit.runners.ParentRunner.access$100(ParentRunner.java:66)\r\n\tat org.junit.runners.ParentRunner$2.evaluate(ParentRunner.java:293)\r\n\tat org.junit.runners.ParentRunner$3.evaluate(ParentRunner.java:306)\r\n\tat org.junit.runners.ParentRunner.run(ParentRunner.java:413)\r\n\tat io.cucumber.junit.FeatureRunner.run(FeatureRunner.java:137)\r\n\tat io.cucumber.junit.Cucumber.runChild(Cucumber.java:196)\r\n\tat io.cucumber.junit.Cucumber.runChild(Cucumber.java:89)\r\n\tat org.junit.runners.ParentRunner$4.run(ParentRunner.java:331)\r\n\tat org.junit.runners.ParentRunner$1.schedule(ParentRunner.java:79)\r\n\tat org.junit.runners.ParentRunner.runChildren(ParentRunner.java:329)\r\n\tat org.junit.runners.ParentRunner.access$100(ParentRunner.java:66)\r\n\tat org.junit.runners.ParentRunner$2.evaluate(ParentRunner.java:293)\r\n\tat io.cucumber.junit.Cucumber$RunBeforeAllHooks.evaluate(Cucumber.java:266)\r\n\tat io.cucumber.junit.Cucumber$RunAfterAllHooks.evaluate(Cucumber.java:281)\r\n\tat io.cucumber.junit.Cucumber$StartTestRun.evaluate(Cucumber.java:233)\r\n\tat io.cucumber.junit.Cucumber$FinishTestRun.evaluate(Cucumber.java:248)\r\n\tat org.junit.runners.ParentRunner$3.evaluate(ParentRunner.java:306)\r\n\tat org.junit.runners.ParentRunner.run(ParentRunner.java:413)\r\n\tat org.junit.runner.JUnitCore.run(JUnitCore.java:137)\r\n\tat com.intellij.junit4.JUnit4IdeaTestRunner.startRunnerWithArgs(JUnit4IdeaTestRunner.java:69)\r\n\tat com.intellij.rt.junit.IdeaTestRunner$Repeater$1.execute(IdeaTestRunner.java:38)\r\n\tat com.intellij.rt.execution.junit.TestsRepeater.repeat(TestsRepeater.java:11)\r\n\tat com.intellij.rt.junit.IdeaTestRunner$Repeater.startRunnerWithArgs(IdeaTestRunner.java:35)\r\n\tat com.intellij.rt.junit.JUnitStarter.prepareStreamsAndStart(JUnitStarter.java:235)\r\n\tat com.intellij.rt.junit.JUnitStarter.main(JUnitStarter.java:54)\r\nCaused by: java.lang.reflect.InvocationTargetException\r\n\tat java.base/jdk.internal.reflect.DirectConstructorHandleAccessor.newInstance(DirectConstructorHandleAccessor.java:79)\r\n\tat java.base/java.lang.reflect.Constructor.newInstanceWithCaller(Constructor.java:500)\r\n\tat java.base/java.lang.reflect.Constructor.newInstance(Constructor.java:484)\r\n\tat io.cucumber.core.backend.DefaultObjectFactory.cacheNewInstance(DefaultObjectFactory.java:53)\r\n\t... 46 more\r\nCaused by: org.openqa.selenium.InvalidSelectorException: Compound class names not permitted\nFor documentation on this error, please visit: https://selenium.dev/exceptions/#invalid_selector_exception\nBuild info: version: '4.7.2', revision: '4d4020c3b7'\nSystem info: os.name: 'Windows 10', os.arch: 'amd64', os.version: '10.0', java.version: '19.0.2'\nDriver info: driver.version: unknown\r\n\tat org.openqa.selenium.By$ByClassName.<init>(By.java:310)\r\n\tat org.openqa.selenium.By.className(By.java:100)\r\n\tat org.openqa.selenium.support.AbstractFindByBuilder.buildByFromShortFindBy(AbstractFindByBuilder.java:43)\r\n\tat org.openqa.selenium.support.FindBy$FindByBuilder.buildIt(FindBy.java:85)\r\n\tat org.openqa.selenium.support.pagefactory.Annotations.buildBy(Annotations.java:79)\r\n\tat org.openqa.selenium.support.pagefactory.DefaultElementLocator.<init>(DefaultElementLocator.java:58)\r\n\tat org.openqa.selenium.support.pagefactory.DefaultElementLocator.<init>(DefaultElementLocator.java:46)\r\n\tat org.openqa.selenium.support.pagefactory.DefaultElementLocatorFactory.createLocator(DefaultElementLocatorFactory.java:33)\r\n\tat org.openqa.selenium.support.pagefactory.DefaultFieldDecorator.decorate(DefaultFieldDecorator.java:57)\r\n\tat org.openqa.selenium.support.PageFactory.proxyFields(PageFactory.java:111)\r\n\tat org.openqa.selenium.support.PageFactory.initElements(PageFactory.java:103)\r\n\tat org.openqa.selenium.support.PageFactory.initElements(PageFactory.java:90)\r\n\tat org.openqa.selenium.support.PageFactory.initElements(PageFactory.java:78)\r\n\tat pages.AdminHomePage.<init>(AdminHomePage.java:11)\r\n\tat stepdefinitions.UIStepDefinitions.US_028.<init>(US_028.java:19)\r\n\tat java.base/jdk.internal.reflect.DirectConstructorHandleAccessor.newInstance(DirectConstructorHandleAccessor.java:67)\r\n\t... 49 more\r\n","duration":1385203300,"status":"failed"},"line":4,"name":"go to home page","match":{"location":"stepdefinitions.UIStepDefinitions.US_028.goToHomePage()"},"keyword":"Given "},{"result":{"status":"skipped"},"line":5,"name":"Verify that admin is in home page","match":{"location":"stepdefinitions.UIStepDefinitions.US_028.verifyThatAdminIsInHomePage()"},"keyword":"And "},{"result":{"status":"skipped"},"line":6,"name":"sign in as admin","match":{"location":"stepdefinitions.UIStepDefinitions.US_028.sign_in_as_admin()"},"keyword":"And "},{"result":{"status":"skipped"},"line":7,"name":"Verify that admin is logged in","match":{"location":"stepdefinitions.UIStepDefinitions.US_028.verify_that_admin_is_logged_in()"},"keyword":"And "},{"result":{"status":"skipped"},"line":8,"name":"Click on Items&Titles button","match":{"location":"stepdefinitions.UIStepDefinitions.US_028.click_on_items_titles_button()"},"keyword":"When "},{"result":{"duration":998500,"status":"skipped"},"line":9,"name":"Click on Messages option","match":{"location":"stepdefinitions.UIStepDefinitions.US_028.clickOnMessagesOption()"},"keyword":"And "}]},{"start_timestamp":"2023-03-08T20:29:06.486Z","before":[{"result":{"status":"passed"},"match":{"location":"hooks.Hooks.setUpScenario()"}}],"line":20,"name":"TC03-Admin should update the message","description":"","id":"messages;tc03-admin-should-update-the-message","after":[{"embeddings":[{"data":"iVBORw0KGgoAAAANSUhEUgAABVAAAAJkCAYAAAD3Mgp9AAAAAXNSR0IArs4c6QAAEcJJREFUeJzt2LERwCAQwLCQ/Xd+BuBcQyFN4NprZuYDAAAAAODw3w4AAAAAAHiVgQoAAAAAEAxUAAAAAIBgoAIAAAAABAMVAAAAACAYqAAAAAAAwUAFAAAAAAgGKgAAAABAMFABAAAAAIKBCgAAAAAQDFQAAAAAgGCgAgAAAAAEAxUAAAAAIBioAAAAAADBQAUAAAAACAYqAAAAAEAwUAEAAAAAgoEKAAAAABAMVAAAAACAYKACAAAAAAQDFQAAAAAgGKgAAAAAAMFABQAAAAAIBioAAAAAQDBQAQAAAACCgQoAAAAAEAxUAAAAAIBgoAIAAAAABAMVAAAAACAYqAAAAAAAwUAFAAAAAAgGKgAAAABAMFABAAAAAIKBCgAAAAAQDFQAAAAAgGCgAgAAAAAEAxUAAAAAIBioAAAAAADBQAUAAAAACAYqAAAAAEAwUAEAAAAAgoEKAAAAABAMVAAAAACAYKACAAAAAAQDFQAAAAAgGKgAAAAAAMFABQAAAAAIBioAAAAAQDBQAQAAAACCgQoAAAAAEAxUAAAAAIBgoAIAAAAABAMVAAAAACAYqAAAAAAAwUAFAAAAAAgGKgAAAABAMFABAAAAAIKBCgAAAAAQDFQAAAAAgGCgAgAAAAAEAxUAAAAAIBioAAAAAADBQAUAAAAACAYqAAAAAEAwUAEAAAAAgoEKAAAAABAMVAAAAACAYKACAAAAAAQDFQAAAAAgGKgAAAAAAMFABQAAAAAIBioAAAAAQDBQAQAAAACCgQoAAAAAEAxUAAAAAIBgoAIAAAAABAMVAAAAACAYqAAAAAAAwUAFAAAAAAgGKgAAAABAMFABAAAAAIKBCgAAAAAQDFQAAAAAgGCgAgAAAAAEAxUAAAAAIBioAAAAAADBQAUAAAAACAYqAAAAAEAwUAEAAAAAgoEKAAAAABAMVAAAAACAYKACAAAAAAQDFQAAAAAgGKgAAAAAAMFABQAAAAAIBioAAAAAQDBQAQAAAACCgQoAAAAAEAxUAAAAAIBgoAIAAAAABAMVAAAAACAYqAAAAAAAwUAFAAAAAAgGKgAAAABAMFABAAAAAIKBCgAAAAAQDFQAAAAAgGCgAgAAAAAEAxUAAAAAIBioAAAAAADBQAUAAAAACAYqAAAAAEAwUAEAAAAAgoEKAAAAABAMVAAAAACAYKACAAAAAAQDFQAAAAAgGKgAAAAAAMFABQAAAAAIBioAAAAAQDBQAQAAAACCgQoAAAAAEAxUAAAAAIBgoAIAAAAABAMVAAAAACAYqAAAAAAAwUAFAAAAAAgGKgAAAABAMFABAAAAAIKBCgAAAAAQDFQAAAAAgGCgAgAAAAAEAxUAAAAAIBioAAAAAADBQAUAAAAACAYqAAAAAEAwUAEAAAAAgoEKAAAAABAMVAAAAACAYKACAAAAAAQDFQAAAAAgGKgAAAAAAMFABQAAAAAIBioAAAAAQDBQAQAAAACCgQoAAAAAEAxUAAAAAIBgoAIAAAAABAMVAAAAACAYqAAAAAAAwUAFAAAAAAgGKgAAAABAMFABAAAAAIKBCgAAAAAQDFQAAAAAgGCgAgAAAAAEAxUAAAAAIBioAAAAAADBQAUAAAAACAYqAAAAAEAwUAEAAAAAgoEKAAAAABAMVAAAAACAYKACAAAAAAQDFQAAAAAgGKgAAAAAAMFABQAAAAAIBioAAAAAQDBQAQAAAACCgQoAAAAAEAxUAAAAAIBgoAIAAAAABAMVAAAAACAYqAAAAAAAwUAFAAAAAAgGKgAAAABAMFABAAAAAIKBCgAAAAAQDFQAAAAAgGCgAgAAAAAEAxUAAAAAIBioAAAAAADBQAUAAAAACAYqAAAAAEAwUAEAAAAAgoEKAAAAABAMVAAAAACAYKACAAAAAAQDFQAAAAAgGKgAAAAAAMFABQAAAAAIBioAAAAAQDBQAQAAAACCgQoAAAAAEAxUAAAAAIBgoAIAAAAABAMVAAAAACAYqAAAAAAAwUAFAAAAAAgGKgAAAABAMFABAAAAAIKBCgAAAAAQDFQAAAAAgGCgAgAAAAAEAxUAAAAAIBioAAAAAADBQAUAAAAACAYqAAAAAEAwUAEAAAAAgoEKAAAAABAMVAAAAACAYKACAAAAAAQDFQAAAAAgGKgAAAAAAMFABQAAAAAIBioAAAAAQDBQAQAAAACCgQoAAAAAEAxUAAAAAIBgoAIAAAAABAMVAAAAACAYqAAAAAAAwUAFAAAAAAgGKgAAAABAMFABAAAAAIKBCgAAAAAQDFQAAAAAgGCgAgAAAAAEAxUAAAAAIBioAAAAAADBQAUAAAAACAYqAAAAAEAwUAEAAAAAgoEKAAAAABAMVAAAAACAYKACAAAAAAQDFQAAAAAgGKgAAAAAAMFABQAAAAAIBioAAAAAQDBQAQAAAACCgQoAAAAAEAxUAAAAAIBgoAIAAAAABAMVAAAAACAYqAAAAAAAwUAFAAAAAAgGKgAAAABAMFABAAAAAIKBCgAAAAAQDFQAAAAAgGCgAgAAAAAEAxUAAAAAIBioAAAAAADBQAUAAAAACAYqAAAAAEAwUAEAAAAAgoEKAAAAABAMVAAAAACAYKACAAAAAAQDFQAAAAAgGKgAAAAAAMFABQAAAAAIBioAAAAAQDBQAQAAAACCgQoAAAAAEAxUAAAAAIBgoAIAAAAABAMVAAAAACAYqAAAAAAAwUAFAAAAAAgGKgAAAABAMFABAAAAAIKBCgAAAAAQDFQAAAAAgGCgAgAAAAAEAxUAAAAAIBioAAAAAADBQAUAAAAACAYqAAAAAEAwUAEAAAAAgoEKAAAAABAMVAAAAACAYKACAAAAAAQDFQAAAAAgGKgAAAAAAMFABQAAAAAIBioAAAAAQDBQAQAAAACCgQoAAAAAEAxUAAAAAIBgoAIAAAAABAMVAAAAACAYqAAAAAAAwUAFAAAAAAgGKgAAAABAMFABAAAAAIKBCgAAAAAQDFQAAAAAgGCgAgAAAAAEAxUAAAAAIBioAAAAAADBQAUAAAAACAYqAAAAAEAwUAEAAAAAgoEKAAAAABAMVAAAAACAYKACAAAAAAQDFQAAAAAgGKgAAAAAAMFABQAAAAAIBioAAAAAQDBQAQAAAACCgQoAAAAAEAxUAAAAAIBgoAIAAAAABAMVAAAAACAYqAAAAAAAwUAFAAAAAAgGKgAAAABAMFABAAAAAIKBCgAAAAAQDFQAAAAAgGCgAgAAAAAEAxUAAAAAIBioAAAAAADBQAUAAAAACAYqAAAAAEAwUAEAAAAAgoEKAAAAABAMVAAAAACAYKACAAAAAAQDFQAAAAAgGKgAAAAAAMFABQAAAAAIBioAAAAAQDBQAQAAAACCgQoAAAAAEAxUAAAAAIBgoAIAAAAABAMVAAAAACAYqAAAAAAAwUAFAAAAAAgGKgAAAABAMFABAAAAAIKBCgAAAAAQDFQAAAAAgGCgAgAAAAAEAxUAAAAAIBioAAAAAADBQAUAAAAACAYqAAAAAEAwUAEAAAAAgoEKAAAAABAMVAAAAACAYKACAAAAAAQDFQAAAAAgGKgAAAAAAMFABQAAAAAIBioAAAAAQDBQAQAAAACCgQoAAAAAEAxUAAAAAIBgoAIAAAAABAMVAAAAACAYqAAAAAAAwUAFAAAAAAgGKgAAAABAMFABAAAAAIKBCgAAAAAQDFQAAAAAgGCgAgAAAAAEAxUAAAAAIBioAAAAAADBQAUAAAAACAYqAAAAAEAwUAEAAAAAgoEKAAAAABAMVAAAAACAYKACAAAAAAQDFQAAAAAgGKgAAAAAAMFABQAAAAAIBioAAAAAQDBQAQAAAACCgQoAAAAAEAxUAAAAAIBgoAIAAAAABAMVAAAAACAYqAAAAAAAwUAFAAAAAAgGKgAAAABAMFABAAAAAIKBCgAAAAAQDFQAAAAAgGCgAgAAAAAEAxUAAAAAIBioAAAAAADBQAUAAAAACAYqAAAAAEAwUAEAAAAAgoEKAAAAABAMVAAAAACAYKACAAAAAAQDFQAAAAAgGKgAAAAAAMFABQAAAAAIBioAAAAAQDBQAQAAAACCgQoAAAAAEAxUAAAAAIBgoAIAAAAABAMVAAAAACAYqAAAAAAAwUAFAAAAAAgGKgAAAABAMFABAAAAAIKBCgAAAAAQDFQAAAAAgGCgAgAAAAAEAxUAAAAAIBioAAAAAADBQAUAAAAACAYqAAAAAEAwUAEAAAAAgoEKAAAAABAMVAAAAACAYKACAAAAAAQDFQAAAAAgGKgAAAAAAMFABQAAAAAIBioAAAAAQDBQAQAAAACCgQoAAAAAEAxUAAAAAIBgoAIAAAAABAMVAAAAACAYqAAAAAAAwUAFAAAAAAgGKgAAAABAMFABAAAAAIKBCgAAAAAQDFQAAAAAgGCgAgAAAAAEAxUAAAAAIBioAAAAAADBQAUAAAAACAYqAAAAAEAwUAEAAAAAgoEKAAAAABAMVAAAAACAYKACAAAAAAQDFQAAAAAgGKgAAAAAAMFABQAAAAAIBioAAAAAQDBQAQAAAACCgQoAAAAAEAxUAAAAAIBgoAIAAAAABAMVAAAAACAYqAAAAAAAwUAFAAAAAAgGKgAAAABAMFABAAAAAIKBCgAAAAAQDFQAAAAAgGCgAgAAAAAEAxUAAAAAIBioAAAAAADBQAUAAAAACAYqAAAAAEAwUAEAAAAAgoEKAAAAABAMVAAAAACAYKACAAAAAAQDFQAAAAAgGKgAAAAAAMFABQAAAAAIBioAAAAAQDBQAQAAAACCgQoAAAAAEAxUAAAAAIBgoAIAAAAABAMVAAAAACAYqAAAAAAAwUAFAAAAAAgGKgAAAABAMFABAAAAAIKBCgAAAAAQDFQAAAAAgGCgAgAAAAAEAxUAAAAAIBioAAAAAADBQAUAAAAACAYqAAAAAEAwUAEAAAAAgoEKAAAAABAMVAAAAACAYKACAAAAAAQDFQAAAAAgGKgAAAAAAMFABQAAAAAIBioAAAAAQDBQAQAAAACCgQoAAAAAEAxUAAAAAIBgoAIAAAAABAMVAAAAACAYqAAAAAAAwUAFAAAAAAgGKgAAAABAMFABAAAAAIKBCgAAAAAQDFQAAAAAgGCgAgAAAAAEAxUAAAAAIBioAAAAAADBQAUAAAAACAYqAAAAAEAwUAEAAAAAgoEKAAAAABAMVAAAAACAYKACAAAAAAQDFQAAAAAgGKgAAAAAAMFABQAAAAAIBioAAAAAQDBQAQAAAACCgQoAAAAAEAxUAAAAAIBgoAIAAAAABAMVAAAAACAYqAAAAAAAwUAFAAAAAAgGKgAAAABAMFABAAAAAIKBCgAAAAAQDFQAAAAAgGCgAgAAAAAEAxUAAAAAIBioAAAAAADBQAUAAAAACAYqAAAAAEAwUAEAAAAAgoEKAAAAABAMVAAAAACAYKACAAAAAAQDFQAAAAAgGKgAAAAAAMFABQAAAAAIBioAAAAAQDBQAQAAAACCgQoAAAAAEAxUAAAAAIBgoAIAAAAABAMVAAAAACAYqAAAAAAAwUAFAAAAAAgGKgAAAABAMFABAAAAAIKBCgAAAAAQDFQAAAAAgGCgAgAAAAAEAxUAAAAAIBioAAAAAADBQAUAAAAACAYqAAAAAEAwUAEAAAAAgoEKAAAAABAMVAAAAACAYKACAAAAAAQDFQAAAAAgGKgAAAAAAMFABQAAAAAIBioAAAAAQDBQAQAAAACCgQoAAAAAEAxUAAAAAIBgoAIAAAAABAMVAAAAACAYqAAAAAAAwUAFAAAAAAgGKgAAAABAMFABAAAAAIKBCgAAAAAQDFQAAAAAgGCgAgAAAAAEAxUAAAAAIBioAAAAAADBQAUAAAAACAYqAAAAAEAwUAEAAAAAgoEKAAAAABAMVAAAAACAYKACAAAAAAQDFQAAAAAgGKgAAAAAAMFABQAAAAAIBioAAAAAQDBQAQAAAACCgQoAAAAAEAxUAAAAAIBgoAIAAAAABAMVAAAAACAYqAAAAAAAwUAFAAAAAAgGKgAAAABAMFABAAAAAIKBCgAAAAAQDFQAAAAAgLAB4a8IxCp2pJUAAAAASUVORK5CYII=","mime_type":"image/png","name":"failed_scenarioTC03-Admin should update the message"}],"result":{"duration":1327236300,"status":"passed"},"match":{"location":"hooks.Hooks.tearDownScenario(io.cucumber.java.Scenario)"}}],"type":"scenario","keyword":"Scenario","steps":[{"result":{"status":"skipped"},"line":21,"name":"Click  on Edit button of  created message","match":{"location":"stepdefinitions.UIStepDefinitions.US_028.clickOnEditButtonOfCreatedMessage()"},"keyword":"And "},{"result":{"status":"skipped"},"line":22,"name":"Change  the message","match":{"location":"stepdefinitions.UIStepDefinitions.US_028.changeTheMessage()"},"keyword":"And "},{"result":{"status":"skipped"},"line":23,"name":"Click on Save button","match":{"location":"stepdefinitions.UIStepDefinitions.US_028.clickOnSaveButton()"},"keyword":"And "},{"result":{"status":"skipped"},"line":24,"name":"Verify that updated success message","match":{"location":"stepdefinitions.UIStepDefinitions.US_028.verifyThatUpdatedSuccessMessage()"},"keyword":"Then "}],"tags":[{"name":"@admin_messages"}]},{"line":3,"name":"","description":"","type":"background","keyword":"Background","steps":[{"result":{"error_message":"io.cucumber.core.exception.CucumberException: Failed to instantiate class stepdefinitions.UIStepDefinitions.US_028\r\n\tat io.cucumber.core.backend.DefaultObjectFactory.cacheNewInstance(DefaultObjectFactory.java:67)\r\n\tat io.cucumber.core.backend.DefaultObjectFactory.getInstance(DefaultObjectFactory.java:45)\r\n\tat io.cucumber.java.AbstractGlueDefinition.invokeMethod(AbstractGlueDefinition.java:47)\r\n\tat io.cucumber.java.JavaStepDefinition.execute(JavaStepDefinition.java:29)\r\n\tat io.cucumber.core.runner.CoreStepDefinition.execute(CoreStepDefinition.java:66)\r\n\tat io.cucumber.core.runner.PickleStepDefinitionMatch.runStep(PickleStepDefinitionMatch.java:63)\r\n\tat io.cucumber.core.runner.ExecutionMode$1.execute(ExecutionMode.java:10)\r\n\tat io.cucumber.core.runner.TestStep.executeStep(TestStep.java:84)\r\n\tat io.cucumber.core.runner.TestStep.run(TestStep.java:56)\r\n\tat io.cucumber.core.runner.PickleStepTestStep.run(PickleStepTestStep.java:51)\r\n\tat io.cucumber.core.runner.TestCase.run(TestCase.java:84)\r\n\tat io.cucumber.core.runner.Runner.runPickle(Runner.java:75)\r\n\tat io.cucumber.junit.PickleRunners$NoStepDescriptions.lambda$run$0(PickleRunners.java:151)\r\n\tat io.cucumber.core.runtime.CucumberExecutionContext.lambda$runTestCase$5(CucumberExecutionContext.java:130)\r\n\tat io.cucumber.core.runtime.RethrowingThrowableCollector.executeAndThrow(RethrowingThrowableCollector.java:23)\r\n\tat io.cucumber.core.runtime.CucumberExecutionContext.runTestCase(CucumberExecutionContext.java:130)\r\n\tat io.cucumber.junit.PickleRunners$NoStepDescriptions.run(PickleRunners.java:148)\r\n\tat io.cucumber.junit.FeatureRunner.runChild(FeatureRunner.java:144)\r\n\tat io.cucumber.junit.FeatureRunner.runChild(FeatureRunner.java:28)\r\n\tat org.junit.runners.ParentRunner$4.run(ParentRunner.java:331)\r\n\tat org.junit.runners.ParentRunner$1.schedule(ParentRunner.java:79)\r\n\tat org.junit.runners.ParentRunner.runChildren(ParentRunner.java:329)\r\n\tat org.junit.runners.ParentRunner.access$100(ParentRunner.java:66)\r\n\tat org.junit.runners.ParentRunner$2.evaluate(ParentRunner.java:293)\r\n\tat org.junit.runners.ParentRunner$3.evaluate(ParentRunner.java:306)\r\n\tat org.junit.runners.ParentRunner.run(ParentRunner.java:413)\r\n\tat io.cucumber.junit.FeatureRunner.run(FeatureRunner.java:137)\r\n\tat io.cucumber.junit.Cucumber.runChild(Cucumber.java:196)\r\n\tat io.cucumber.junit.Cucumber.runChild(Cucumber.java:89)\r\n\tat org.junit.runners.ParentRunner$4.run(ParentRunner.java:331)\r\n\tat org.junit.runners.ParentRunner$1.schedule(ParentRunner.java:79)\r\n\tat org.junit.runners.ParentRunner.runChildren(ParentRunner.java:329)\r\n\tat org.junit.runners.ParentRunner.access$100(ParentRunner.java:66)\r\n\tat org.junit.runners.ParentRunner$2.evaluate(ParentRunner.java:293)\r\n\tat io.cucumber.junit.Cucumber$RunBeforeAllHooks.evaluate(Cucumber.java:266)\r\n\tat io.cucumber.junit.Cucumber$RunAfterAllHooks.evaluate(Cucumber.java:281)\r\n\tat io.cucumber.junit.Cucumber$StartTestRun.evaluate(Cucumber.java:233)\r\n\tat io.cucumber.junit.Cucumber$FinishTestRun.evaluate(Cucumber.java:248)\r\n\tat org.junit.runners.ParentRunner$3.evaluate(ParentRunner.java:306)\r\n\tat org.junit.runners.ParentRunner.run(ParentRunner.java:413)\r\n\tat org.junit.runner.JUnitCore.run(JUnitCore.java:137)\r\n\tat com.intellij.junit4.JUnit4IdeaTestRunner.startRunnerWithArgs(JUnit4IdeaTestRunner.java:69)\r\n\tat com.intellij.rt.junit.IdeaTestRunner$Repeater$1.execute(IdeaTestRunner.java:38)\r\n\tat com.intellij.rt.execution.junit.TestsRepeater.repeat(TestsRepeater.java:11)\r\n\tat com.intellij.rt.junit.IdeaTestRunner$Repeater.startRunnerWithArgs(IdeaTestRunner.java:35)\r\n\tat com.intellij.rt.junit.JUnitStarter.prepareStreamsAndStart(JUnitStarter.java:235)\r\n\tat com.intellij.rt.junit.JUnitStarter.main(JUnitStarter.java:54)\r\nCaused by: java.lang.reflect.InvocationTargetException\r\n\tat java.base/jdk.internal.reflect.DirectConstructorHandleAccessor.newInstance(DirectConstructorHandleAccessor.java:79)\r\n\tat java.base/java.lang.reflect.Constructor.newInstanceWithCaller(Constructor.java:500)\r\n\tat java.base/java.lang.reflect.Constructor.newInstance(Constructor.java:484)\r\n\tat io.cucumber.core.backend.DefaultObjectFactory.cacheNewInstance(DefaultObjectFactory.java:53)\r\n\t... 46 more\r\nCaused by: org.openqa.selenium.InvalidSelectorException: Compound class names not permitted\nFor documentation on this error, please visit: https://selenium.dev/exceptions/#invalid_selector_exception\nBuild info: version: '4.7.2', revision: '4d4020c3b7'\nSystem info: os.name: 'Windows 10', os.arch: 'amd64', os.version: '10.0', java.version: '19.0.2'\nDriver info: driver.version: unknown\r\n\tat org.openqa.selenium.By$ByClassName.<init>(By.java:310)\r\n\tat org.openqa.selenium.By.className(By.java:100)\r\n\tat org.openqa.selenium.support.AbstractFindByBuilder.buildByFromShortFindBy(AbstractFindByBuilder.java:43)\r\n\tat org.openqa.selenium.support.FindBy$FindByBuilder.buildIt(FindBy.java:85)\r\n\tat org.openqa.selenium.support.pagefactory.Annotations.buildBy(Annotations.java:79)\r\n\tat org.openqa.selenium.support.pagefactory.DefaultElementLocator.<init>(DefaultElementLocator.java:58)\r\n\tat org.openqa.selenium.support.pagefactory.DefaultElementLocator.<init>(DefaultElementLocator.java:46)\r\n\tat org.openqa.selenium.support.pagefactory.DefaultElementLocatorFactory.createLocator(DefaultElementLocatorFactory.java:33)\r\n\tat org.openqa.selenium.support.pagefactory.DefaultFieldDecorator.decorate(DefaultFieldDecorator.java:57)\r\n\tat org.openqa.selenium.support.PageFactory.proxyFields(PageFactory.java:111)\r\n\tat org.openqa.selenium.support.PageFactory.initElements(PageFactory.java:103)\r\n\tat org.openqa.selenium.support.PageFactory.initElements(PageFactory.java:90)\r\n\tat org.openqa.selenium.support.PageFactory.initElements(PageFactory.java:78)\r\n\tat pages.AdminHomePage.<init>(AdminHomePage.java:11)\r\n\tat stepdefinitions.UIStepDefinitions.US_028.<init>(US_028.java:19)\r\n\tat java.base/jdk.internal.reflect.DirectConstructorHandleAccessor.newInstance(DirectConstructorHandleAccessor.java:67)\r\n\t... 49 more\r\n","duration":1440171500,"status":"failed"},"line":4,"name":"go to home page","match":{"location":"stepdefinitions.UIStepDefinitions.US_028.goToHomePage()"},"keyword":"Given "},{"result":{"duration":999400,"status":"skipped"},"line":5,"name":"Verify that admin is in home page","match":{"location":"stepdefinitions.UIStepDefinitions.US_028.verifyThatAdminIsInHomePage()"},"keyword":"And "},{"result":{"status":"skipped"},"line":6,"name":"sign in as admin","match":{"location":"stepdefinitions.UIStepDefinitions.US_028.sign_in_as_admin()"},"keyword":"And "},{"result":{"duration":1000000,"status":"skipped"},"line":7,"name":"Verify that admin is logged in","match":{"location":"stepdefinitions.UIStepDefinitions.US_028.verify_that_admin_is_logged_in()"},"keyword":"And "},{"result":{"status":"skipped"},"line":8,"name":"Click on Items&Titles button","match":{"location":"stepdefinitions.UIStepDefinitions.US_028.click_on_items_titles_button()"},"keyword":"When "},{"result":{"status":"skipped"},"line":9,"name":"Click on Messages option","match":{"location":"stepdefinitions.UIStepDefinitions.US_028.clickOnMessagesOption()"},"keyword":"And "}]},{"start_timestamp":"2023-03-08T20:29:09.288Z","before":[{"result":{"duration":1998800,"status":"passed"},"match":{"location":"hooks.Hooks.setUpScenario()"}}],"line":26,"name":"TC04-Admin should delete the message","description":"","id":"messages;tc04-admin-should-delete-the-message","after":[{"embeddings":[{"data":"iVBORw0KGgoAAAANSUhEUgAABVAAAAJkCAYAAAD3Mgp9AAAAAXNSR0IArs4c6QAAEcJJREFUeJzt2LERwCAQwLCQ/Xd+BuBcQyFN4NprZuYDAAAAAODw3w4AAAAAAHiVgQoAAAAAEAxUAAAAAIBgoAIAAAAABAMVAAAAACAYqAAAAAAAwUAFAAAAAAgGKgAAAABAMFABAAAAAIKBCgAAAAAQDFQAAAAAgGCgAgAAAAAEAxUAAAAAIBioAAAAAADBQAUAAAAACAYqAAAAAEAwUAEAAAAAgoEKAAAAABAMVAAAAACAYKACAAAAAAQDFQAAAAAgGKgAAAAAAMFABQAAAAAIBioAAAAAQDBQAQAAAACCgQoAAAAAEAxUAAAAAIBgoAIAAAAABAMVAAAAACAYqAAAAAAAwUAFAAAAAAgGKgAAAABAMFABAAAAAIKBCgAAAAAQDFQAAAAAgGCgAgAAAAAEAxUAAAAAIBioAAAAAADBQAUAAAAACAYqAAAAAEAwUAEAAAAAgoEKAAAAABAMVAAAAACAYKACAAAAAAQDFQAAAAAgGKgAAAAAAMFABQAAAAAIBioAAAAAQDBQAQAAAACCgQoAAAAAEAxUAAAAAIBgoAIAAAAABAMVAAAAACAYqAAAAAAAwUAFAAAAAAgGKgAAAABAMFABAAAAAIKBCgAAAAAQDFQAAAAAgGCgAgAAAAAEAxUAAAAAIBioAAAAAADBQAUAAAAACAYqAAAAAEAwUAEAAAAAgoEKAAAAABAMVAAAAACAYKACAAAAAAQDFQAAAAAgGKgAAAAAAMFABQAAAAAIBioAAAAAQDBQAQAAAACCgQoAAAAAEAxUAAAAAIBgoAIAAAAABAMVAAAAACAYqAAAAAAAwUAFAAAAAAgGKgAAAABAMFABAAAAAIKBCgAAAAAQDFQAAAAAgGCgAgAAAAAEAxUAAAAAIBioAAAAAADBQAUAAAAACAYqAAAAAEAwUAEAAAAAgoEKAAAAABAMVAAAAACAYKACAAAAAAQDFQAAAAAgGKgAAAAAAMFABQAAAAAIBioAAAAAQDBQAQAAAACCgQoAAAAAEAxUAAAAAIBgoAIAAAAABAMVAAAAACAYqAAAAAAAwUAFAAAAAAgGKgAAAABAMFABAAAAAIKBCgAAAAAQDFQAAAAAgGCgAgAAAAAEAxUAAAAAIBioAAAAAADBQAUAAAAACAYqAAAAAEAwUAEAAAAAgoEKAAAAABAMVAAAAACAYKACAAAAAAQDFQAAAAAgGKgAAAAAAMFABQAAAAAIBioAAAAAQDBQAQAAAACCgQoAAAAAEAxUAAAAAIBgoAIAAAAABAMVAAAAACAYqAAAAAAAwUAFAAAAAAgGKgAAAABAMFABAAAAAIKBCgAAAAAQDFQAAAAAgGCgAgAAAAAEAxUAAAAAIBioAAAAAADBQAUAAAAACAYqAAAAAEAwUAEAAAAAgoEKAAAAABAMVAAAAACAYKACAAAAAAQDFQAAAAAgGKgAAAAAAMFABQAAAAAIBioAAAAAQDBQAQAAAACCgQoAAAAAEAxUAAAAAIBgoAIAAAAABAMVAAAAACAYqAAAAAAAwUAFAAAAAAgGKgAAAABAMFABAAAAAIKBCgAAAAAQDFQAAAAAgGCgAgAAAAAEAxUAAAAAIBioAAAAAADBQAUAAAAACAYqAAAAAEAwUAEAAAAAgoEKAAAAABAMVAAAAACAYKACAAAAAAQDFQAAAAAgGKgAAAAAAMFABQAAAAAIBioAAAAAQDBQAQAAAACCgQoAAAAAEAxUAAAAAIBgoAIAAAAABAMVAAAAACAYqAAAAAAAwUAFAAAAAAgGKgAAAABAMFABAAAAAIKBCgAAAAAQDFQAAAAAgGCgAgAAAAAEAxUAAAAAIBioAAAAAADBQAUAAAAACAYqAAAAAEAwUAEAAAAAgoEKAAAAABAMVAAAAACAYKACAAAAAAQDFQAAAAAgGKgAAAAAAMFABQAAAAAIBioAAAAAQDBQAQAAAACCgQoAAAAAEAxUAAAAAIBgoAIAAAAABAMVAAAAACAYqAAAAAAAwUAFAAAAAAgGKgAAAABAMFABAAAAAIKBCgAAAAAQDFQAAAAAgGCgAgAAAAAEAxUAAAAAIBioAAAAAADBQAUAAAAACAYqAAAAAEAwUAEAAAAAgoEKAAAAABAMVAAAAACAYKACAAAAAAQDFQAAAAAgGKgAAAAAAMFABQAAAAAIBioAAAAAQDBQAQAAAACCgQoAAAAAEAxUAAAAAIBgoAIAAAAABAMVAAAAACAYqAAAAAAAwUAFAAAAAAgGKgAAAABAMFABAAAAAIKBCgAAAAAQDFQAAAAAgGCgAgAAAAAEAxUAAAAAIBioAAAAAADBQAUAAAAACAYqAAAAAEAwUAEAAAAAgoEKAAAAABAMVAAAAACAYKACAAAAAAQDFQAAAAAgGKgAAAAAAMFABQAAAAAIBioAAAAAQDBQAQAAAACCgQoAAAAAEAxUAAAAAIBgoAIAAAAABAMVAAAAACAYqAAAAAAAwUAFAAAAAAgGKgAAAABAMFABAAAAAIKBCgAAAAAQDFQAAAAAgGCgAgAAAAAEAxUAAAAAIBioAAAAAADBQAUAAAAACAYqAAAAAEAwUAEAAAAAgoEKAAAAABAMVAAAAACAYKACAAAAAAQDFQAAAAAgGKgAAAAAAMFABQAAAAAIBioAAAAAQDBQAQAAAACCgQoAAAAAEAxUAAAAAIBgoAIAAAAABAMVAAAAACAYqAAAAAAAwUAFAAAAAAgGKgAAAABAMFABAAAAAIKBCgAAAAAQDFQAAAAAgGCgAgAAAAAEAxUAAAAAIBioAAAAAADBQAUAAAAACAYqAAAAAEAwUAEAAAAAgoEKAAAAABAMVAAAAACAYKACAAAAAAQDFQAAAAAgGKgAAAAAAMFABQAAAAAIBioAAAAAQDBQAQAAAACCgQoAAAAAEAxUAAAAAIBgoAIAAAAABAMVAAAAACAYqAAAAAAAwUAFAAAAAAgGKgAAAABAMFABAAAAAIKBCgAAAAAQDFQAAAAAgGCgAgAAAAAEAxUAAAAAIBioAAAAAADBQAUAAAAACAYqAAAAAEAwUAEAAAAAgoEKAAAAABAMVAAAAACAYKACAAAAAAQDFQAAAAAgGKgAAAAAAMFABQAAAAAIBioAAAAAQDBQAQAAAACCgQoAAAAAEAxUAAAAAIBgoAIAAAAABAMVAAAAACAYqAAAAAAAwUAFAAAAAAgGKgAAAABAMFABAAAAAIKBCgAAAAAQDFQAAAAAgGCgAgAAAAAEAxUAAAAAIBioAAAAAADBQAUAAAAACAYqAAAAAEAwUAEAAAAAgoEKAAAAABAMVAAAAACAYKACAAAAAAQDFQAAAAAgGKgAAAAAAMFABQAAAAAIBioAAAAAQDBQAQAAAACCgQoAAAAAEAxUAAAAAIBgoAIAAAAABAMVAAAAACAYqAAAAAAAwUAFAAAAAAgGKgAAAABAMFABAAAAAIKBCgAAAAAQDFQAAAAAgGCgAgAAAAAEAxUAAAAAIBioAAAAAADBQAUAAAAACAYqAAAAAEAwUAEAAAAAgoEKAAAAABAMVAAAAACAYKACAAAAAAQDFQAAAAAgGKgAAAAAAMFABQAAAAAIBioAAAAAQDBQAQAAAACCgQoAAAAAEAxUAAAAAIBgoAIAAAAABAMVAAAAACAYqAAAAAAAwUAFAAAAAAgGKgAAAABAMFABAAAAAIKBCgAAAAAQDFQAAAAAgGCgAgAAAAAEAxUAAAAAIBioAAAAAADBQAUAAAAACAYqAAAAAEAwUAEAAAAAgoEKAAAAABAMVAAAAACAYKACAAAAAAQDFQAAAAAgGKgAAAAAAMFABQAAAAAIBioAAAAAQDBQAQAAAACCgQoAAAAAEAxUAAAAAIBgoAIAAAAABAMVAAAAACAYqAAAAAAAwUAFAAAAAAgGKgAAAABAMFABAAAAAIKBCgAAAAAQDFQAAAAAgGCgAgAAAAAEAxUAAAAAIBioAAAAAADBQAUAAAAACAYqAAAAAEAwUAEAAAAAgoEKAAAAABAMVAAAAACAYKACAAAAAAQDFQAAAAAgGKgAAAAAAMFABQAAAAAIBioAAAAAQDBQAQAAAACCgQoAAAAAEAxUAAAAAIBgoAIAAAAABAMVAAAAACAYqAAAAAAAwUAFAAAAAAgGKgAAAABAMFABAAAAAIKBCgAAAAAQDFQAAAAAgGCgAgAAAAAEAxUAAAAAIBioAAAAAADBQAUAAAAACAYqAAAAAEAwUAEAAAAAgoEKAAAAABAMVAAAAACAYKACAAAAAAQDFQAAAAAgGKgAAAAAAMFABQAAAAAIBioAAAAAQDBQAQAAAACCgQoAAAAAEAxUAAAAAIBgoAIAAAAABAMVAAAAACAYqAAAAAAAwUAFAAAAAAgGKgAAAABAMFABAAAAAIKBCgAAAAAQDFQAAAAAgGCgAgAAAAAEAxUAAAAAIBioAAAAAADBQAUAAAAACAYqAAAAAEAwUAEAAAAAgoEKAAAAABAMVAAAAACAYKACAAAAAAQDFQAAAAAgGKgAAAAAAMFABQAAAAAIBioAAAAAQDBQAQAAAACCgQoAAAAAEAxUAAAAAIBgoAIAAAAABAMVAAAAACAYqAAAAAAAwUAFAAAAAAgGKgAAAABAMFABAAAAAIKBCgAAAAAQDFQAAAAAgGCgAgAAAAAEAxUAAAAAIBioAAAAAADBQAUAAAAACAYqAAAAAEAwUAEAAAAAgoEKAAAAABAMVAAAAACAYKACAAAAAAQDFQAAAAAgGKgAAAAAAMFABQAAAAAIBioAAAAAQDBQAQAAAACCgQoAAAAAEAxUAAAAAIBgoAIAAAAABAMVAAAAACAYqAAAAAAAwUAFAAAAAAgGKgAAAABAMFABAAAAAIKBCgAAAAAQDFQAAAAAgGCgAgAAAAAEAxUAAAAAIBioAAAAAADBQAUAAAAACAYqAAAAAEAwUAEAAAAAgoEKAAAAABAMVAAAAACAYKACAAAAAAQDFQAAAAAgGKgAAAAAAMFABQAAAAAIBioAAAAAQDBQAQAAAACCgQoAAAAAEAxUAAAAAIBgoAIAAAAABAMVAAAAACAYqAAAAAAAwUAFAAAAAAgGKgAAAABAMFABAAAAAIKBCgAAAAAQDFQAAAAAgGCgAgAAAAAEAxUAAAAAIBioAAAAAADBQAUAAAAACAYqAAAAAEAwUAEAAAAAgoEKAAAAABAMVAAAAACAYKACAAAAAAQDFQAAAAAgGKgAAAAAAMFABQAAAAAIBioAAAAAQDBQAQAAAACCgQoAAAAAEAxUAAAAAIBgoAIAAAAABAMVAAAAACAYqAAAAAAAwUAFAAAAAAgGKgAAAABAMFABAAAAAIKBCgAAAAAQDFQAAAAAgGCgAgAAAAAEAxUAAAAAIBioAAAAAADBQAUAAAAACAYqAAAAAEAwUAEAAAAAgoEKAAAAABAMVAAAAACAYKACAAAAAAQDFQAAAAAgGKgAAAAAAMFABQAAAAAIBioAAAAAQDBQAQAAAACCgQoAAAAAEAxUAAAAAIBgoAIAAAAABAMVAAAAACAYqAAAAAAAwUAFAAAAAAgGKgAAAABAMFABAAAAAIKBCgAAAAAQDFQAAAAAgGCgAgAAAAAEAxUAAAAAIBioAAAAAADBQAUAAAAACAYqAAAAAEAwUAEAAAAAgoEKAAAAABAMVAAAAACAYKACAAAAAAQDFQAAAAAgGKgAAAAAAMFABQAAAAAIBioAAAAAQDBQAQAAAACCgQoAAAAAEAxUAAAAAIBgoAIAAAAABAMVAAAAACAYqAAAAAAAwUAFAAAAAAgGKgAAAABAMFABAAAAAIKBCgAAAAAQDFQAAAAAgGCgAgAAAAAEAxUAAAAAIBioAAAAAADBQAUAAAAACAYqAAAAAEAwUAEAAAAAgoEKAAAAABAMVAAAAACAYKACAAAAAAQDFQAAAAAgGKgAAAAAAMFABQAAAAAIBioAAAAAQDBQAQAAAACCgQoAAAAAEAxUAAAAAIBgoAIAAAAABAMVAAAAACAYqAAAAAAAwUAFAAAAAAgGKgAAAABAMFABAAAAAIKBCgAAAAAQDFQAAAAAgLAB4a8IxCp2pJUAAAAASUVORK5CYII=","mime_type":"image/png","name":"failed_scenarioTC04-Admin should delete the message"}],"result":{"duration":912494000,"status":"passed"},"match":{"location":"hooks.Hooks.tearDownScenario(io.cucumber.java.Scenario)"}}],"type":"scenario","keyword":"Scenario","steps":[{"result":{"status":"skipped"},"line":27,"name":"Click  on Delete button of  created message","match":{"location":"stepdefinitions.UIStepDefinitions.US_028.clickOnDeleteButtonOfCreatedMessage()"},"keyword":"And "},{"result":{"duration":999700,"status":"skipped"},"line":28,"name":"Confirm delete operation and click on \"Delete\" button","match":{"arguments":[{"val":"\"Delete\"","offset":38}],"location":"stepdefinitions.UIStepDefinitions.US_028.confirmDeleteOperationAndClickOnButton(java.lang.String)"},"keyword":"And "},{"result":{"status":"skipped"},"line":29,"name":"Verify that deleted success message","match":{"location":"stepdefinitions.UIStepDefinitions.US_028.verifyThatDeletedSuccessMessage()"},"keyword":"Then "}],"tags":[{"name":"@admin_messages"}]}],"name":"messages","description":"","id":"messages","keyword":"Feature","uri":"file:src/test/resources/features/UIFeatures/US_028.feature","tags":[{"name":"@admin_messages","type":"Tag","location":{"line":1,"column":1}}]}]
>>>>>>> Stashed changes
>>>>>>> 01f758714d4d1a52cd3c5e9e78cfcd513086c9a5
=======
[{"line":2,"elements":[{"line":4,"name":"Sign In Medunna as an Admin","description":"","type":"background","keyword":"Background","steps":[{"result":{"duration":11265964700,"status":"passed"},"line":5,"name":"User goes to home page","match":{"location":"stepdefinitions.UIStepDefinitions.US_005.goesToHomePage()"},"keyword":"Given "},{"result":{"duration":7233320300,"status":"passed"},"line":6,"name":"User tries to login entering \"AdminTeam01\" and \"Team01+\"","match":{"arguments":[{"val":"\"AdminTeam01\"","offset":29},{"val":"\"Team01+\"","offset":47}],"location":"stepdefinitions.UIStepDefinitions.US_005.user_tries_to_login_entering_and(java.lang.String,java.lang.String)"},"keyword":"And "}]},{"start_timestamp":"2023-03-15T07:54:34.506Z","before":[{"result":{"duration":389832500,"status":"passed"},"match":{"location":"hooks.Hooks.beforeApi()"}},{"result":{"duration":1000200,"status":"passed"},"match":{"location":"hooks.Hooks.setUpScenario()"}}],"line":21,"name":"TC01_CreateCountry","description":"","id":"create-country;tc01-createcountry;;2","type":"scenario","keyword":"Scenario Outline","steps":[{"result":{"duration":3085393100,"status":"passed"},"line":11,"name":"Click on Items&Titles icon","match":{"location":"stepdefinitions.UIStepDefinitions.US_029.click_on_items_titles_icon()"},"keyword":"And "},{"result":{"error_message":"org.openqa.selenium.WebDriverException: unknown error: failed to change window state to 'normal', current state is 'maximized'\n  (Session info: chrome=111.0.5563.65)\nBuild info: version: '4.7.2', revision: '4d4020c3b7'\nSystem info: os.name: 'Windows 11', os.arch: 'amd64', os.version: '10.0', java.version: '19.0.1'\nDriver info: org.openqa.selenium.chrome.ChromeDriver\nCommand: [bd08f6d958077da0e6d5efde4b4c2cdb, maximizeCurrentWindow {}]\nCapabilities {acceptInsecureCerts: false, browserName: chrome, browserVersion: 111.0.5563.65, chrome: {chromedriverVersion: 111.0.5563.64 (c710e93d5b63..., userDataDir: C:\\Users\\can07\\AppData\\Loca...}, goog:chromeOptions: {debuggerAddress: localhost:56505}, networkConnectionEnabled: false, pageLoadStrategy: normal, platformName: WINDOWS, proxy: Proxy(), se:cdp: ws://localhost:56505/devtoo..., se:cdpVersion: 111.0.5563.65, setWindowRect: true, strictFileInteractability: false, timeouts: {implicit: 0, pageLoad: 300000, script: 30000}, unhandledPromptBehavior: dismiss and notify, webauthn:extension:credBlob: true, webauthn:extension:largeBlob: true, webauthn:extension:minPinLength: true, webauthn:extension:prf: true, webauthn:virtualAuthenticators: true}\nSession ID: bd08f6d958077da0e6d5efde4b4c2cdb\r\n\tat java.base/jdk.internal.reflect.DirectConstructorHandleAccessor.newInstance(DirectConstructorHandleAccessor.java:67)\r\n\tat java.base/java.lang.reflect.Constructor.newInstanceWithCaller(Constructor.java:500)\r\n\tat java.base/java.lang.reflect.Constructor.newInstance(Constructor.java:484)\r\n\tat org.openqa.selenium.remote.codec.w3c.W3CHttpResponseCodec.createException(W3CHttpResponseCodec.java:200)\r\n\tat org.openqa.selenium.remote.codec.w3c.W3CHttpResponseCodec.decode(W3CHttpResponseCodec.java:133)\r\n\tat org.openqa.selenium.remote.codec.w3c.W3CHttpResponseCodec.decode(W3CHttpResponseCodec.java:53)\r\n\tat org.openqa.selenium.remote.HttpCommandExecutor.execute(HttpCommandExecutor.java:184)\r\n\tat org.openqa.selenium.remote.service.DriverCommandExecutor.invokeExecute(DriverCommandExecutor.java:167)\r\n\tat org.openqa.selenium.remote.service.DriverCommandExecutor.execute(DriverCommandExecutor.java:142)\r\n\tat org.openqa.selenium.remote.RemoteWebDriver.execute(RemoteWebDriver.java:535)\r\n\tat org.openqa.selenium.remote.RemoteWebDriver.execute(RemoteWebDriver.java:590)\r\n\tat org.openqa.selenium.remote.RemoteWebDriver.execute(RemoteWebDriver.java:594)\r\n\tat org.openqa.selenium.remote.RemoteWebDriver$RemoteWebDriverOptions$RemoteWindow.maximize(RemoteWebDriver.java:946)\r\n\tat utilities.Driver.getDriver(Driver.java:53)\r\n\tat utilities.JSUtils.clickElementByJS(JSUtils.java:10)\r\n\tat stepdefinitions.UIStepDefinitions.US_029.select_the_country_from_dropdown(US_029.java:27)\r\n\tat .Select the Country from dropdown(file:///C:/Users/can07/IdeaProjects/internshipProject/./src/test/resources/features/UIFeatures/US_029.feature:12)\r\n","duration":154403900,"status":"failed"},"line":12,"name":"Select the Country from dropdown","match":{"location":"stepdefinitions.UIStepDefinitions.US_029.select_the_country_from_dropdown()"},"keyword":"And "},{"result":{"status":"skipped"},"line":13,"name":"Verify the country page is displayed","match":{"location":"stepdefinitions.UIStepDefinitions.US_029.verify_the_country_page_is_displayed()"},"keyword":"Then "},{"result":{"duration":999600,"status":"skipped"},"line":14,"name":"Click on Create a new country button","match":{"location":"stepdefinitions.UIStepDefinitions.US_029.click_on_create_a_new_country_button()"},"keyword":"And "},{"result":{"status":"skipped"},"line":15,"name":"Enter the \"Italy\"","match":{"arguments":[{"val":"\"Italy\"","offset":10}],"location":"stepdefinitions.UIStepDefinitions.US_029.enter_the(java.lang.String)"},"keyword":"And "},{"result":{"duration":1011800,"status":"skipped"},"line":16,"name":"Click on Save button","match":{"location":"stepdefinitions.UIStepDefinitions.US_029.click_on_save_button()"},"keyword":"And "},{"result":{"duration":1000700,"status":"skipped"},"line":17,"name":"Verify the new \"Italy\" is created","match":{"arguments":[{"val":"\"Italy\"","offset":15}],"location":"stepdefinitions.UIStepDefinitions.US_029.verify_the_new_is_created(java.lang.String)"},"keyword":"Then "}],"tags":[{"name":"@US029_UI_Test"},{"name":"@TC01_CreateCountry"}]}],"name":"Create Country","description":"","id":"create-country","keyword":"Feature","uri":"file:src/test/resources/features/UIFeatures/US_029.feature","tags":[{"name":"@US029_UI_Test","type":"Tag","location":{"line":1,"column":1}}]}]
>>>>>>> master
=======
[{"line":2,"elements":[{"line":4,"name":"","description":"","type":"background","keyword":"Background","steps":[{"result":{"duration":12121175400,"status":"passed"},"line":5,"name":"The user verifies he is in the  home page","match":{"location":"stepdefinitions.UIStepDefinitions.US_025.the_user_verifies_s_he_is_in_the_home_page()"},"keyword":"Given "}]},{"start_timestamp":"2023-03-15T10:52:10.516Z","before":[{"result":{"duration":5369600,"status":"passed"},"match":{"location":"hooks.Hooks.setUpScenario()"}}],"line":7,"name":"TC01_A patient should be able to see the test results.","description":"","id":"appointmentes-by-patients;tc01-a-patient-should-be-able-to-see-the-test-results.","type":"scenario","keyword":"Scenario","steps":[{"result":{"duration":7200000,"status":"passed"},"line":8,"name":"The user verifies he is logged in as a patient.","match":{"location":"stepdefinitions.UIStepDefinitions.US_025.the_user_verifies_s_he_is_logged_in_as_a_patient()"},"keyword":"And "},{"result":{"status":"passed"},"line":9,"name":"Click on MY PAGES(PATIENT) button.","match":{"location":"stepdefinitions.UIStepDefinitions.US_025.click_on_my_pages_patient_button()"},"keyword":"When "},{"result":{"status":"passed"},"line":10,"name":"Click on My Appointments option.","match":{"location":"stepdefinitions.UIStepDefinitions.US_025.click_on_my_appointments_option()"},"keyword":"And "},{"result":{"status":"passed"},"line":11,"name":"Click on Show Tests button to be able to see the related test result.","match":{"location":"stepdefinitions.UIStepDefinitions.US_025.click_on_show_tests_button_to_be_able_to_see_the_related_test_result()"},"keyword":"And "},{"result":{"status":"passed"},"line":12,"name":"Clik on View Results button.","match":{"location":"stepdefinitions.UIStepDefinitions.US_025.clik_on_view_results_button()"},"keyword":"And "},{"result":{"status":"passed"},"line":13,"name":"Verifies that there can be seen  id, name for test, default max and min value, test date and description.","match":{"location":"stepdefinitions.UIStepDefinitions.US_025.verifies_that_there_can_be_seen_id_name_for_test_default_max_and_min_value_test_date_and_description()"},"keyword":"Then "}],"tags":[{"name":"@PatientInvoice"}]}],"name":"Appointmentes by patients","description":"","id":"appointmentes-by-patients","keyword":"Feature","uri":"file:src/test/resources/features/UIFeatures/US_025.feature","tags":[{"name":"@PatientInvoice","type":"Tag","location":{"line":1,"column":1}}]}]
>>>>>>> Stashed changes
